{"D:\\IMT\\nestjs\\src\\app.module.ts": {"path":"D:\\IMT\\nestjs\\src\\app.module.ts","statementMap":{"0":{"start":{"line":1,"column":0},"end":{"line":1,"column":40}},"1":{"start":{"line":2,"column":0},"end":{"line":2,"column":60}},"2":{"start":{"line":3,"column":0},"end":{"line":3,"column":64}},"3":{"start":{"line":4,"column":0},"end":{"line":4,"column":77}},"4":{"start":{"line":5,"column":0},"end":{"line":5,"column":68}},"5":{"start":{"line":6,"column":0},"end":{"line":6,"column":57}},"6":{"start":{"line":7,"column":0},"end":{"line":7,"column":51}},"7":{"start":{"line":8,"column":0},"end":{"line":8,"column":52}},"8":{"start":{"line":9,"column":0},"end":{"line":9,"column":42}},"9":{"start":{"line":10,"column":0},"end":{"line":10,"column":46}},"10":{"start":{"line":11,"column":0},"end":{"line":11,"column":50}},"11":{"start":{"line":12,"column":0},"end":{"line":12,"column":40}},"12":{"start":{"line":13,"column":0},"end":{"line":13,"column":61}},"13":{"start":{"line":15,"column":0},"end":{"line":15,"column":52}},"14":{"start":{"line":16,"column":0},"end":{"line":16,"column":55}},"15":{"start":{"line":66,"column":7},"end":{"line":66,"column":null}},"16":{"start":{"line":66,"column":13},"end":{"line":66,"column":22}},"17":{"start":{"line":66,"column":13},"end":{"line":66,"column":null}},"18":{"start":{"line":28,"column":53},"end":{"line":37,"column":8}},"19":{"start":{"line":45,"column":53},"end":{"line":50,"column":8}},"20":{"start":{"line":55,"column":31},"end":{"line":60,"column":8}}},"fnMap":{"0":{"name":"(anonymous_1)","decl":{"start":{"line":28,"column":18},"end":{"line":28,"column":19}},"loc":{"start":{"line":28,"column":53},"end":{"line":37,"column":8}}},"1":{"name":"(anonymous_2)","decl":{"start":{"line":45,"column":18},"end":{"line":45,"column":19}},"loc":{"start":{"line":45,"column":53},"end":{"line":50,"column":8}}},"2":{"name":"(anonymous_3)","decl":{"start":{"line":55,"column":18},"end":{"line":55,"column":23}},"loc":{"start":{"line":55,"column":31},"end":{"line":60,"column":8}}}},"branchMap":{},"s":{"0":0,"1":0,"2":0,"3":0,"4":0,"5":0,"6":0,"7":0,"8":0,"9":0,"10":0,"11":0,"12":0,"13":0,"14":0,"15":0,"16":0,"17":0,"18":0,"19":0,"20":0},"f":{"0":0,"1":0,"2":0},"b":{}}
,"D:\\IMT\\nestjs\\src\\main.ts": {"path":"D:\\IMT\\nestjs\\src\\main.ts","statementMap":{"0":{"start":{"line":1,"column":0},"end":{"line":1,"column":48}},"1":{"start":{"line":2,"column":0},"end":{"line":2,"column":43}},"2":{"start":{"line":3,"column":0},"end":{"line":3,"column":41}},"3":{"start":{"line":4,"column":0},"end":{"line":4,"column":63}},"4":{"start":{"line":5,"column":0},"end":{"line":5,"column":33}},"5":{"start":{"line":6,"column":0},"end":{"line":6,"column":45}},"6":{"start":{"line":7,"column":0},"end":{"line":7,"column":35}},"7":{"start":{"line":11,"column":2},"end":{"line":11,"column":18}},"8":{"start":{"line":12,"column":2},"end":{"line":12,"column":53}},"9":{"start":{"line":14,"column":17},"end":{"line":19,"column":10}},"10":{"start":{"line":21,"column":17},"end":{"line":45,"column":4}},"11":{"start":{"line":28,"column":12},"end":{"line":28,"column":56}},"12":{"start":{"line":47,"column":14},"end":{"line":47,"column":60}},"13":{"start":{"line":48,"column":19},"end":{"line":48,"column":60}},"14":{"start":{"line":52,"column":2},"end":{"line":52,"column":44}},"15":{"start":{"line":53,"column":2},"end":{"line":54,"column":4}},"16":{"start":{"line":55,"column":2},"end":{"line":55,"column":25}},"17":{"start":{"line":58,"column":0},"end":{"line":58,"column":12}}},"fnMap":{"0":{"name":"bootstrap","decl":{"start":{"line":9,"column":15},"end":{"line":9,"column":24}},"loc":{"start":{"line":9,"column":24},"end":{"line":57,"column":1}}},"1":{"name":"(anonymous_10)","decl":{"start":{"line":27,"column":32},"end":{"line":27,"column":33}},"loc":{"start":{"line":27,"column":66},"end":{"line":29,"column":11}}}},"branchMap":{},"s":{"0":0,"1":0,"2":0,"3":0,"4":0,"5":0,"6":0,"7":0,"8":0,"9":0,"10":0,"11":0,"12":0,"13":0,"14":0,"15":0,"16":0,"17":0},"f":{"0":0,"1":0},"b":{}}
,"D:\\IMT\\nestjs\\src\\common\\guards\\PermissionGuard.ts": {"path":"D:\\IMT\\nestjs\\src\\common\\guards\\PermissionGuard.ts","statementMap":{"0":{"start":{"line":1,"column":0},"end":{"line":1,"column":94}},"1":{"start":{"line":2,"column":0},"end":{"line":2,"column":42}},"2":{"start":{"line":6,"column":7},"end":{"line":32,"column":null}},"3":{"start":{"line":7,"column":24},"end":{"line":7,"column":35}},"4":{"start":{"line":10,"column":32},"end":{"line":12,"column":null}},"5":{"start":{"line":15,"column":4},"end":{"line":15,"column":42}},"6":{"start":{"line":15,"column":30},"end":{"line":15,"column":42}},"7":{"start":{"line":17,"column":20},"end":{"line":17,"column":55}},"8":{"start":{"line":18,"column":17},"end":{"line":18,"column":29}},"9":{"start":{"line":20,"column":28},"end":{"line":20,"column":50}},"10":{"start":{"line":22,"column":26},"end":{"line":23,"column":null}},"11":{"start":{"line":23,"column":6},"end":{"line":23,"column":33}},"12":{"start":{"line":26,"column":4},"end":{"line":28,"column":5}},"13":{"start":{"line":27,"column":6},"end":{"line":27,"column":56}},"14":{"start":{"line":30,"column":4},"end":{"line":30,"column":16}},"15":{"start":{"line":6,"column":13},"end":{"line":6,"column":28}},"16":{"start":{"line":6,"column":13},"end":{"line":32,"column":null}}},"fnMap":{"0":{"name":"(anonymous_2)","decl":{"start":{"line":7,"column":4},"end":{"line":7,"column":24}},"loc":{"start":{"line":7,"column":44},"end":{"line":7,"column":48}}},"1":{"name":"(anonymous_3)","decl":{"start":{"line":9,"column":2},"end":{"line":9,"column":13}},"loc":{"start":{"line":9,"column":39},"end":{"line":31,"column":3}}},"2":{"name":"(anonymous_4)","decl":{"start":{"line":22,"column":51},"end":{"line":22,"column":52}},"loc":{"start":{"line":23,"column":6},"end":{"line":23,"column":33}}}},"branchMap":{"0":{"loc":{"start":{"line":15,"column":4},"end":{"line":15,"column":42}},"type":"if","locations":[{"start":{"line":15,"column":4},"end":{"line":15,"column":42}},{"start":{},"end":{}}]},"1":{"loc":{"start":{"line":20,"column":28},"end":{"line":20,"column":50}},"type":"binary-expr","locations":[{"start":{"line":20,"column":28},"end":{"line":20,"column":44}},{"start":{"line":20,"column":48},"end":{"line":20,"column":50}}]},"2":{"loc":{"start":{"line":26,"column":4},"end":{"line":28,"column":5}},"type":"if","locations":[{"start":{"line":26,"column":4},"end":{"line":28,"column":5}},{"start":{},"end":{}}]},"3":{"loc":{"start":{"line":7,"column":35},"end":{"line":7,"column":47}},"type":"cond-expr","locations":[{"start":{"line":7,"column":44},"end":{"line":7,"column":47}},{"start":{"line":7,"column":44},"end":{"line":7,"column":47}}]},"4":{"loc":{"start":{"line":7,"column":35},"end":{"line":7,"column":44}},"type":"binary-expr","locations":[{"start":{"line":7,"column":35},"end":{"line":7,"column":47}},{"start":{"line":7,"column":35},"end":{"line":7,"column":44}}]}},"s":{"0":1,"1":1,"2":1,"3":21,"4":0,"5":0,"6":0,"7":0,"8":0,"9":0,"10":0,"11":0,"12":0,"13":0,"14":0,"15":1,"16":1},"f":{"0":21,"1":0,"2":0},"b":{"0":[0,0],"1":[0,0],"2":[0,0],"3":[1,0],"4":[1,1]}}
,"D:\\IMT\\nestjs\\src\\common\\guards\\auth.guard.ts": {"path":"D:\\IMT\\nestjs\\src\\common\\guards\\auth.guard.ts","statementMap":{"0":{"start":{"line":1,"column":0},"end":{"line":1,"column":96}},"1":{"start":{"line":2,"column":0},"end":{"line":2,"column":41}},"2":{"start":{"line":3,"column":0},"end":{"line":3,"column":41}},"3":{"start":{"line":6,"column":7},"end":{"line":43,"column":null}},"4":{"start":{"line":9,"column":12},"end":{"line":9,"column":23}},"5":{"start":{"line":10,"column":12},"end":{"line":10,"column":24}},"6":{"start":{"line":15,"column":21},"end":{"line":18,"column":6}},"7":{"start":{"line":21,"column":4},"end":{"line":23,"column":5}},"8":{"start":{"line":22,"column":6},"end":{"line":22,"column":18}},"9":{"start":{"line":25,"column":20},"end":{"line":25,"column":55}},"10":{"start":{"line":26,"column":23},"end":{"line":26,"column":52}},"11":{"start":{"line":28,"column":4},"end":{"line":30,"column":5}},"12":{"start":{"line":29,"column":6},"end":{"line":29,"column":56}},"13":{"start":{"line":32,"column":20},"end":{"line":32,"column":44}},"14":{"start":{"line":34,"column":4},"end":{"line":41,"column":5}},"15":{"start":{"line":35,"column":22},"end":{"line":35,"column":53}},"16":{"start":{"line":36,"column":6},"end":{"line":36,"column":29}},"17":{"start":{"line":37,"column":7},"end":{"line":37,"column":42}},"18":{"start":{"line":38,"column":6},"end":{"line":38,"column":18}},"19":{"start":{"line":40,"column":6},"end":{"line":40,"column":55}},"20":{"start":{"line":6,"column":13},"end":{"line":6,"column":22}},"21":{"start":{"line":6,"column":13},"end":{"line":43,"column":null}}},"fnMap":{"0":{"name":"(anonymous_2)","decl":{"start":{"line":8,"column":2},"end":{"line":8,"column":null}},"loc":{"start":{"line":10,"column":34},"end":{"line":11,"column":6}}},"1":{"name":"(anonymous_3)","decl":{"start":{"line":13,"column":2},"end":{"line":13,"column":13}},"loc":{"start":{"line":13,"column":39},"end":{"line":42,"column":3}}}},"branchMap":{"0":{"loc":{"start":{"line":21,"column":4},"end":{"line":23,"column":5}},"type":"if","locations":[{"start":{"line":21,"column":4},"end":{"line":23,"column":5}},{"start":{},"end":{}}]},"1":{"loc":{"start":{"line":28,"column":4},"end":{"line":30,"column":5}},"type":"if","locations":[{"start":{"line":28,"column":4},"end":{"line":30,"column":5}},{"start":{},"end":{}}]},"2":{"loc":{"start":{"line":9,"column":23},"end":{"line":9,"column":null}},"type":"cond-expr","locations":[{"start":{"line":9,"column":32},"end":{"line":9,"column":null}},{"start":{"line":9,"column":32},"end":{"line":9,"column":null}}]},"3":{"loc":{"start":{"line":9,"column":23},"end":{"line":9,"column":32}},"type":"binary-expr","locations":[{"start":{"line":9,"column":23},"end":{"line":9,"column":null}},{"start":{"line":9,"column":23},"end":{"line":9,"column":32}}]},"4":{"loc":{"start":{"line":9,"column":32},"end":{"line":10,"column":null}},"type":"cond-expr","locations":[{"start":{"line":10,"column":34},"end":{"line":10,"column":null}},{"start":{"line":10,"column":34},"end":{"line":10,"column":null}}]},"5":{"loc":{"start":{"line":9,"column":32},"end":{"line":10,"column":34}},"type":"binary-expr","locations":[{"start":{"line":9,"column":32},"end":{"line":10,"column":null}},{"start":{"line":10,"column":24},"end":{"line":10,"column":34}}]}},"s":{"0":1,"1":1,"2":1,"3":1,"4":4,"5":4,"6":4,"7":4,"8":1,"9":3,"10":3,"11":3,"12":1,"13":2,"14":2,"15":2,"16":1,"17":1,"18":1,"19":1,"20":1,"21":1},"f":{"0":4,"1":4},"b":{"0":[1,3],"1":[1,2],"2":[1,0],"3":[1,1],"4":[1,0],"5":[1,1]}}
,"D:\\IMT\\nestjs\\src\\common\\guards\\public.decorator.ts": {"path":"D:\\IMT\\nestjs\\src\\common\\guards\\public.decorator.ts","statementMap":{"0":{"start":{"line":1,"column":0},"end":{"line":1,"column":45}},"1":{"start":{"line":3,"column":22},"end":{"line":3,"column":57}},"2":{"start":{"line":3,"column":28},"end":{"line":3,"column":57}},"3":{"start":{"line":3,"column":13},"end":{"line":3,"column":22}}},"fnMap":{"0":{"name":"(anonymous_0)","decl":{"start":{"line":3,"column":22},"end":{"line":3,"column":25}},"loc":{"start":{"line":3,"column":28},"end":{"line":3,"column":57}}}},"branchMap":{},"s":{"0":1,"1":1,"2":1,"3":1},"f":{"0":1},"b":{}}
,"D:\\IMT\\nestjs\\src\\common\\guards\\roles.decorator.ts": {"path":"D:\\IMT\\nestjs\\src\\common\\guards\\roles.decorator.ts","statementMap":{"0":{"start":{"line":1,"column":0},"end":{"line":1,"column":45}},"1":{"start":{"line":3,"column":21},"end":{"line":3,"column":72}},"2":{"start":{"line":3,"column":45},"end":{"line":3,"column":72}},"3":{"start":{"line":3,"column":13},"end":{"line":3,"column":21}},"4":{"start":{"line":4,"column":27},"end":{"line":4,"column":95}},"5":{"start":{"line":4,"column":56},"end":{"line":4,"column":95}},"6":{"start":{"line":4,"column":13},"end":{"line":4,"column":27}}},"fnMap":{"0":{"name":"(anonymous_0)","decl":{"start":{"line":3,"column":21},"end":{"line":3,"column":22}},"loc":{"start":{"line":3,"column":45},"end":{"line":3,"column":72}}},"1":{"name":"(anonymous_1)","decl":{"start":{"line":4,"column":27},"end":{"line":4,"column":28}},"loc":{"start":{"line":4,"column":56},"end":{"line":4,"column":95}}}},"branchMap":{},"s":{"0":1,"1":1,"2":0,"3":1,"4":1,"5":6,"6":1},"f":{"0":0,"1":6},"b":{}}
,"D:\\IMT\\nestjs\\src\\common\\guards\\roles.guard.ts": {"path":"D:\\IMT\\nestjs\\src\\common\\guards\\roles.guard.ts","statementMap":{"0":{"start":{"line":1,"column":0},"end":{"line":1,"column":95}},"1":{"start":{"line":2,"column":0},"end":{"line":2,"column":41}},"2":{"start":{"line":5,"column":7},"end":{"line":27,"column":null}},"3":{"start":{"line":7,"column":22},"end":{"line":7,"column":33}},"4":{"start":{"line":11,"column":26},"end":{"line":14,"column":6}},"5":{"start":{"line":16,"column":4},"end":{"line":16,"column":36}},"6":{"start":{"line":16,"column":24},"end":{"line":16,"column":36}},"7":{"start":{"line":18,"column":20},"end":{"line":18,"column":55}},"8":{"start":{"line":19,"column":17},"end":{"line":19,"column":29}},"9":{"start":{"line":21,"column":4},"end":{"line":23,"column":5}},"10":{"start":{"line":22,"column":6},"end":{"line":22,"column":52}},"11":{"start":{"line":25,"column":4},"end":{"line":25,"column":16}},"12":{"start":{"line":5,"column":13},"end":{"line":5,"column":23}},"13":{"start":{"line":5,"column":13},"end":{"line":27,"column":null}}},"fnMap":{"0":{"name":"(anonymous_2)","decl":{"start":{"line":7,"column":2},"end":{"line":7,"column":22}},"loc":{"start":{"line":7,"column":42},"end":{"line":7,"column":46}}},"1":{"name":"(anonymous_3)","decl":{"start":{"line":9,"column":2},"end":{"line":9,"column":13}},"loc":{"start":{"line":9,"column":39},"end":{"line":26,"column":3}}}},"branchMap":{"0":{"loc":{"start":{"line":16,"column":4},"end":{"line":16,"column":36}},"type":"if","locations":[{"start":{"line":16,"column":4},"end":{"line":16,"column":36}},{"start":{},"end":{}}]},"1":{"loc":{"start":{"line":21,"column":4},"end":{"line":23,"column":5}},"type":"if","locations":[{"start":{"line":21,"column":4},"end":{"line":23,"column":5}},{"start":{},"end":{}}]},"2":{"loc":{"start":{"line":7,"column":33},"end":{"line":7,"column":45}},"type":"cond-expr","locations":[{"start":{"line":7,"column":42},"end":{"line":7,"column":45}},{"start":{"line":7,"column":42},"end":{"line":7,"column":45}}]},"3":{"loc":{"start":{"line":7,"column":33},"end":{"line":7,"column":42}},"type":"binary-expr","locations":[{"start":{"line":7,"column":33},"end":{"line":7,"column":45}},{"start":{"line":7,"column":33},"end":{"line":7,"column":42}}]}},"s":{"0":1,"1":1,"2":1,"3":4,"4":4,"5":4,"6":1,"7":3,"8":3,"9":3,"10":1,"11":2,"12":1,"13":1},"f":{"0":4,"1":4},"b":{"0":[1,3],"1":[1,2],"2":[1,0],"3":[1,1]}}
,"D:\\IMT\\nestjs\\src\\common\\utils\\signature.ts": {"path":"D:\\IMT\\nestjs\\src\\common\\utils\\signature.ts","statementMap":{"0":{"start":{"line":3,"column":0},"end":{"line":3,"column":16}},"1":{"start":{"line":1,"column":0},"end":{"line":1,"column":33}},"2":{"start":{"line":6,"column":4},"end":{"line":9,"column":19}}},"fnMap":{"0":{"name":"generateSignature","decl":{"start":{"line":3,"column":16},"end":{"line":3,"column":33}},"loc":{"start":{"line":4,"column":34},"end":{"line":10,"column":1}}}},"branchMap":{},"s":{"0":0,"1":0,"2":0},"f":{"0":0},"b":{}}
,"D:\\IMT\\nestjs\\src\\controller\\app.controller.ts": {"path":"D:\\IMT\\nestjs\\src\\controller\\app.controller.ts","statementMap":{"0":{"start":{"line":1,"column":0},"end":{"line":1,"column":128}},"1":{"start":{"line":2,"column":0},"end":{"line":2,"column":52}},"2":{"start":{"line":3,"column":0},"end":{"line":3,"column":57}},"3":{"start":{"line":4,"column":0},"end":{"line":4,"column":56}},"4":{"start":{"line":5,"column":0},"end":{"line":5,"column":64}},"5":{"start":{"line":6,"column":0},"end":{"line":6,"column":69}},"6":{"start":{"line":7,"column":0},"end":{"line":7,"column":59}},"7":{"start":{"line":8,"column":0},"end":{"line":8,"column":93}},"8":{"start":{"line":9,"column":0},"end":{"line":9,"column":57}},"9":{"start":{"line":16,"column":7},"end":{"line":71,"column":null}},"10":{"start":{"line":17,"column":32},"end":{"line":17,"column":45}},"11":{"start":{"line":27,"column":4},"end":{"line":27,"column":49}},"12":{"start":{"line":33,"column":4},"end":{"line":33,"column":45}},"13":{"start":{"line":40,"column":4},"end":{"line":40,"column":51}},"14":{"start":{"line":46,"column":4},"end":{"line":46,"column":44}},"15":{"start":{"line":57,"column":6},"end":{"line":57,"column":69}},"16":{"start":{"line":63,"column":4},"end":{"line":63,"column":43}},"17":{"start":{"line":69,"column":4},"end":{"line":69,"column":40}},"18":{"start":{"line":16,"column":13},"end":{"line":16,"column":26}},"19":{"start":{"line":24,"column":2},"end":{"line":28,"column":null}},"20":{"start":{"line":32,"column":2},"end":{"line":34,"column":null}},"21":{"start":{"line":39,"column":2},"end":{"line":41,"column":null}},"22":{"start":{"line":45,"column":2},"end":{"line":47,"column":null}},"23":{"start":{"line":53,"column":2},"end":{"line":58,"column":null}},"24":{"start":{"line":62,"column":2},"end":{"line":64,"column":null}},"25":{"start":{"line":68,"column":4},"end":{"line":70,"column":null}},"26":{"start":{"line":16,"column":13},"end":{"line":71,"column":null}}},"fnMap":{"0":{"name":"(anonymous_4)","decl":{"start":{"line":17,"column":2},"end":{"line":17,"column":32}},"loc":{"start":{"line":17,"column":55},"end":{"line":17,"column":59}}},"1":{"name":"(anonymous_5)","decl":{"start":{"line":24,"column":2},"end":{"line":24,"column":8}},"loc":{"start":{"line":26,"column":33},"end":{"line":28,"column":3}}},"2":{"name":"(anonymous_6)","decl":{"start":{"line":32,"column":2},"end":{"line":32,"column":8}},"loc":{"start":{"line":32,"column":36},"end":{"line":34,"column":3}}},"3":{"name":"(anonymous_7)","decl":{"start":{"line":39,"column":2},"end":{"line":39,"column":12}},"loc":{"start":{"line":39,"column":40},"end":{"line":41,"column":3}}},"4":{"name":"(anonymous_8)","decl":{"start":{"line":45,"column":2},"end":{"line":45,"column":8}},"loc":{"start":{"line":45,"column":32},"end":{"line":47,"column":3}}},"5":{"name":"(anonymous_9)","decl":{"start":{"line":53,"column":2},"end":{"line":53,"column":12}},"loc":{"start":{"line":56,"column":19},"end":{"line":58,"column":5}}},"6":{"name":"(anonymous_10)","decl":{"start":{"line":62,"column":2},"end":{"line":62,"column":12}},"loc":{"start":{"line":62,"column":36},"end":{"line":64,"column":3}}},"7":{"name":"(anonymous_11)","decl":{"start":{"line":68,"column":4},"end":{"line":68,"column":9}},"loc":{"start":{"line":68,"column":32},"end":{"line":70,"column":3}}}},"branchMap":{"0":{"loc":{"start":{"line":57,"column":51},"end":{"line":57,"column":67}},"type":"binary-expr","locations":[{"start":{"line":57,"column":51},"end":{"line":57,"column":59}},{"start":{"line":57,"column":63},"end":{"line":57,"column":67}}]},"1":{"loc":{"start":{"line":32,"column":23},"end":{"line":32,"column":null}},"type":"cond-expr","locations":[{"start":{"line":32,"column":36},"end":{"line":32,"column":null}},{"start":{"line":32,"column":36},"end":{"line":32,"column":null}}]},"2":{"loc":{"start":{"line":32,"column":23},"end":{"line":32,"column":36}},"type":"binary-expr","locations":[{"start":{"line":32,"column":23},"end":{"line":32,"column":null}},{"start":{"line":32,"column":23},"end":{"line":32,"column":36}}]},"3":{"loc":{"start":{"line":55,"column":18},"end":{"line":55,"column":null}},"type":"cond-expr","locations":[{"start":{"line":55,"column":31},"end":{"line":55,"column":null}},{"start":{"line":55,"column":31},"end":{"line":55,"column":null}}]},"4":{"loc":{"start":{"line":55,"column":18},"end":{"line":55,"column":31}},"type":"binary-expr","locations":[{"start":{"line":55,"column":18},"end":{"line":55,"column":null}},{"start":{"line":55,"column":18},"end":{"line":55,"column":31}}]},"5":{"loc":{"start":{"line":68,"column":24},"end":{"line":68,"column":null}},"type":"cond-expr","locations":[{"start":{"line":68,"column":32},"end":{"line":68,"column":null}},{"start":{"line":68,"column":32},"end":{"line":68,"column":null}}]},"6":{"loc":{"start":{"line":68,"column":24},"end":{"line":68,"column":32}},"type":"binary-expr","locations":[{"start":{"line":68,"column":24},"end":{"line":68,"column":null}},{"start":{"line":68,"column":24},"end":{"line":68,"column":32}}]},"7":{"loc":{"start":{"line":17,"column":45},"end":{"line":17,"column":58}},"type":"cond-expr","locations":[{"start":{"line":17,"column":55},"end":{"line":17,"column":58}},{"start":{"line":17,"column":55},"end":{"line":17,"column":58}}]},"8":{"loc":{"start":{"line":17,"column":45},"end":{"line":17,"column":55}},"type":"binary-expr","locations":[{"start":{"line":17,"column":45},"end":{"line":17,"column":58}},{"start":{"line":17,"column":45},"end":{"line":17,"column":55}}]}},"s":{"0":1,"1":1,"2":1,"3":1,"4":1,"5":1,"6":1,"7":1,"8":1,"9":1,"10":21,"11":0,"12":0,"13":0,"14":0,"15":0,"16":0,"17":0,"18":1,"19":1,"20":1,"21":1,"22":1,"23":1,"24":1,"25":1,"26":1},"f":{"0":21,"1":0,"2":0,"3":0,"4":0,"5":0,"6":0,"7":0},"b":{"0":[0,0],"1":[1,0],"2":[1,1],"3":[1,0],"4":[1,1],"5":[1,0],"6":[1,1],"7":[1,0],"8":[1,1]}}
,"D:\\IMT\\nestjs\\src\\controller\\app.controllerPermission.ts": {"path":"D:\\IMT\\nestjs\\src\\controller\\app.controllerPermission.ts","statementMap":{"0":{"start":{"line":1,"column":0},"end":{"line":1,"column":111}},"1":{"start":{"line":2,"column":0},"end":{"line":2,"column":52}},"2":{"start":{"line":3,"column":0},"end":{"line":3,"column":84}},"3":{"start":{"line":4,"column":0},"end":{"line":4,"column":48}},"4":{"start":{"line":5,"column":0},"end":{"line":5,"column":56}},"5":{"start":{"line":6,"column":0},"end":{"line":6,"column":58}},"6":{"start":{"line":7,"column":0},"end":{"line":7,"column":57}},"7":{"start":{"line":14,"column":7},"end":{"line":42,"column":null}},"8":{"start":{"line":15,"column":34},"end":{"line":15,"column":53}},"9":{"start":{"line":19,"column":8},"end":{"line":19,"column":58}},"10":{"start":{"line":24,"column":8},"end":{"line":24,"column":60}},"11":{"start":{"line":29,"column":32},"end":{"line":29,"column":35}},"12":{"start":{"line":30,"column":8},"end":{"line":30,"column":69}},"13":{"start":{"line":35,"column":5},"end":{"line":35,"column":61}},"14":{"start":{"line":40,"column":4},"end":{"line":40,"column":55}},"15":{"start":{"line":14,"column":13},"end":{"line":14,"column":33}},"16":{"start":{"line":18,"column":4},"end":{"line":20,"column":null}},"17":{"start":{"line":23,"column":4},"end":{"line":25,"column":null}},"18":{"start":{"line":28,"column":4},"end":{"line":31,"column":null}},"19":{"start":{"line":34,"column":4},"end":{"line":36,"column":null}},"20":{"start":{"line":39,"column":4},"end":{"line":41,"column":null}},"21":{"start":{"line":14,"column":13},"end":{"line":42,"column":null}}},"fnMap":{"0":{"name":"(anonymous_4)","decl":{"start":{"line":15,"column":4},"end":{"line":15,"column":34}},"loc":{"start":{"line":15,"column":63},"end":{"line":15,"column":67}}},"1":{"name":"(anonymous_5)","decl":{"start":{"line":18,"column":4},"end":{"line":18,"column":10}},"loc":{"start":{"line":18,"column":10},"end":{"line":20,"column":5}}},"2":{"name":"(anonymous_6)","decl":{"start":{"line":23,"column":4},"end":{"line":23,"column":11}},"loc":{"start":{"line":23,"column":35},"end":{"line":25,"column":5}}},"3":{"name":"(anonymous_7)","decl":{"start":{"line":28,"column":4},"end":{"line":28,"column":10}},"loc":{"start":{"line":28,"column":37},"end":{"line":31,"column":5}}},"4":{"name":"(anonymous_8)","decl":{"start":{"line":34,"column":4},"end":{"line":34,"column":20}},"loc":{"start":{"line":34,"column":72},"end":{"line":36,"column":5}}},"5":{"name":"(anonymous_9)","decl":{"start":{"line":39,"column":4},"end":{"line":39,"column":20}},"loc":{"start":{"line":39,"column":44},"end":{"line":41,"column":5}}}},"branchMap":{"0":{"loc":{"start":{"line":28,"column":24},"end":{"line":28,"column":null}},"type":"cond-expr","locations":[{"start":{"line":28,"column":37},"end":{"line":28,"column":null}},{"start":{"line":28,"column":37},"end":{"line":28,"column":null}}]},"1":{"loc":{"start":{"line":28,"column":24},"end":{"line":28,"column":37}},"type":"binary-expr","locations":[{"start":{"line":28,"column":24},"end":{"line":28,"column":null}},{"start":{"line":28,"column":24},"end":{"line":28,"column":37}}]},"2":{"loc":{"start":{"line":34,"column":59},"end":{"line":34,"column":null}},"type":"cond-expr","locations":[{"start":{"line":34,"column":72},"end":{"line":34,"column":null}},{"start":{"line":34,"column":72},"end":{"line":34,"column":null}}]},"3":{"loc":{"start":{"line":34,"column":59},"end":{"line":34,"column":72}},"type":"binary-expr","locations":[{"start":{"line":34,"column":59},"end":{"line":34,"column":null}},{"start":{"line":34,"column":59},"end":{"line":34,"column":72}}]},"4":{"loc":{"start":{"line":15,"column":53},"end":{"line":15,"column":66}},"type":"cond-expr","locations":[{"start":{"line":15,"column":63},"end":{"line":15,"column":66}},{"start":{"line":15,"column":63},"end":{"line":15,"column":66}}]},"5":{"loc":{"start":{"line":15,"column":53},"end":{"line":15,"column":63}},"type":"binary-expr","locations":[{"start":{"line":15,"column":53},"end":{"line":15,"column":66}},{"start":{"line":15,"column":53},"end":{"line":15,"column":63}}]}},"s":{"0":0,"1":0,"2":0,"3":0,"4":0,"5":0,"6":0,"7":0,"8":0,"9":0,"10":0,"11":0,"12":0,"13":0,"14":0,"15":0,"16":0,"17":0,"18":0,"19":0,"20":0,"21":0},"f":{"0":0,"1":0,"2":0,"3":0,"4":0,"5":0},"b":{"0":[0,0],"1":[0,0],"2":[0,0],"3":[0,0],"4":[0,0],"5":[0,0]}}
,"D:\\IMT\\nestjs\\src\\controller\\app.controllerRole.ts": {"path":"D:\\IMT\\nestjs\\src\\controller\\app.controllerRole.ts","statementMap":{"0":{"start":{"line":1,"column":0},"end":{"line":1,"column":111}},"1":{"start":{"line":2,"column":0},"end":{"line":2,"column":52}},"2":{"start":{"line":3,"column":0},"end":{"line":3,"column":84}},"3":{"start":{"line":4,"column":0},"end":{"line":4,"column":48}},"4":{"start":{"line":5,"column":0},"end":{"line":5,"column":56}},"5":{"start":{"line":6,"column":0},"end":{"line":6,"column":64}},"6":{"start":{"line":7,"column":0},"end":{"line":7,"column":69}},"7":{"start":{"line":13,"column":7},"end":{"line":42,"column":null}},"8":{"start":{"line":14,"column":32},"end":{"line":14,"column":45}},"9":{"start":{"line":19,"column":4},"end":{"line":19,"column":39}},"10":{"start":{"line":25,"column":29},"end":{"line":25,"column":32}},"11":{"start":{"line":26,"column":4},"end":{"line":26,"column":52}},"12":{"start":{"line":32,"column":4},"end":{"line":32,"column":43}},"13":{"start":{"line":39,"column":4},"end":{"line":39,"column":48}},"14":{"start":{"line":13,"column":13},"end":{"line":13,"column":27}},"15":{"start":{"line":18,"column":2},"end":{"line":20,"column":null}},"16":{"start":{"line":24,"column":2},"end":{"line":27,"column":null}},"17":{"start":{"line":31,"column":2},"end":{"line":33,"column":null}},"18":{"start":{"line":37,"column":2},"end":{"line":40,"column":null}},"19":{"start":{"line":13,"column":13},"end":{"line":42,"column":null}}},"fnMap":{"0":{"name":"(anonymous_4)","decl":{"start":{"line":14,"column":2},"end":{"line":14,"column":32}},"loc":{"start":{"line":14,"column":55},"end":{"line":14,"column":59}}},"1":{"name":"(anonymous_5)","decl":{"start":{"line":18,"column":2},"end":{"line":18,"column":10}},"loc":{"start":{"line":18,"column":10},"end":{"line":20,"column":3}}},"2":{"name":"(anonymous_6)","decl":{"start":{"line":24,"column":2},"end":{"line":24,"column":12}},"loc":{"start":{"line":24,"column":39},"end":{"line":27,"column":3}}},"3":{"name":"(anonymous_7)","decl":{"start":{"line":31,"column":2},"end":{"line":31,"column":12}},"loc":{"start":{"line":31,"column":36},"end":{"line":33,"column":3}}},"4":{"name":"(anonymous_8)","decl":{"start":{"line":37,"column":2},"end":{"line":37,"column":12}},"loc":{"start":{"line":37,"column":65},"end":{"line":40,"column":3}}}},"branchMap":{"0":{"loc":{"start":{"line":24,"column":26},"end":{"line":24,"column":null}},"type":"cond-expr","locations":[{"start":{"line":24,"column":39},"end":{"line":24,"column":null}},{"start":{"line":24,"column":39},"end":{"line":24,"column":null}}]},"1":{"loc":{"start":{"line":24,"column":26},"end":{"line":24,"column":39}},"type":"binary-expr","locations":[{"start":{"line":24,"column":26},"end":{"line":24,"column":null}},{"start":{"line":24,"column":26},"end":{"line":24,"column":39}}]},"2":{"loc":{"start":{"line":37,"column":52},"end":{"line":37,"column":null}},"type":"cond-expr","locations":[{"start":{"line":37,"column":65},"end":{"line":37,"column":null}},{"start":{"line":37,"column":65},"end":{"line":37,"column":null}}]},"3":{"loc":{"start":{"line":37,"column":52},"end":{"line":37,"column":65}},"type":"binary-expr","locations":[{"start":{"line":37,"column":52},"end":{"line":37,"column":null}},{"start":{"line":37,"column":52},"end":{"line":37,"column":65}}]},"4":{"loc":{"start":{"line":14,"column":45},"end":{"line":14,"column":58}},"type":"cond-expr","locations":[{"start":{"line":14,"column":55},"end":{"line":14,"column":58}},{"start":{"line":14,"column":55},"end":{"line":14,"column":58}}]},"5":{"loc":{"start":{"line":14,"column":45},"end":{"line":14,"column":55}},"type":"binary-expr","locations":[{"start":{"line":14,"column":45},"end":{"line":14,"column":58}},{"start":{"line":14,"column":45},"end":{"line":14,"column":55}}]}},"s":{"0":0,"1":0,"2":0,"3":0,"4":0,"5":0,"6":0,"7":0,"8":0,"9":0,"10":0,"11":0,"12":0,"13":0,"14":0,"15":0,"16":0,"17":0,"18":0,"19":0},"f":{"0":0,"1":0,"2":0,"3":0,"4":0},"b":{"0":[0,0],"1":[0,0],"2":[0,0],"3":[0,0],"4":[0,0],"5":[0,0]}}
,"D:\\IMT\\nestjs\\src\\controller\\app.controllerUpload.ts": {"path":"D:\\IMT\\nestjs\\src\\controller\\app.controllerUpload.ts","statementMap":{"0":{"start":{"line":1,"column":0},"end":{"line":1,"column":91}},"1":{"start":{"line":2,"column":0},"end":{"line":2,"column":59}},"2":{"start":{"line":3,"column":0},"end":{"line":3,"column":58}},"3":{"start":{"line":4,"column":0},"end":{"line":4,"column":107}},"4":{"start":{"line":5,"column":0},"end":{"line":5,"column":56}},"5":{"start":{"line":6,"column":0},"end":{"line":6,"column":65}},"6":{"start":{"line":12,"column":7},"end":{"line":36,"column":null}},"7":{"start":{"line":14,"column":33},"end":{"line":14,"column":48}},"8":{"start":{"line":29,"column":20},"end":{"line":29,"column":61}},"9":{"start":{"line":30,"column":8},"end":{"line":30,"column":26}},"10":{"start":{"line":31,"column":8},"end":{"line":34,"column":10}},"11":{"start":{"line":12,"column":13},"end":{"line":12,"column":29}},"12":{"start":{"line":27,"column":10},"end":{"line":35,"column":null}},"13":{"start":{"line":12,"column":13},"end":{"line":36,"column":null}}},"fnMap":{"0":{"name":"(anonymous_4)","decl":{"start":{"line":14,"column":4},"end":{"line":14,"column":33}},"loc":{"start":{"line":14,"column":61},"end":{"line":14,"column":65}}},"1":{"name":"(anonymous_5)","decl":{"start":{"line":27,"column":10},"end":{"line":27,"column":16}},"loc":{"start":{"line":27,"column":58},"end":{"line":35,"column":5}}}},"branchMap":{"0":{"loc":{"start":{"line":27,"column":39},"end":{"line":27,"column":null}},"type":"cond-expr","locations":[{"start":{"line":27,"column":58},"end":{"line":27,"column":null}},{"start":{"line":27,"column":58},"end":{"line":27,"column":null}}]},"1":{"loc":{"start":{"line":27,"column":39},"end":{"line":27,"column":58}},"type":"binary-expr","locations":[{"start":{"line":27,"column":39},"end":{"line":27,"column":47}},{"start":{"line":27,"column":46},"end":{"line":27,"column":54}},{"start":{"line":27,"column":53},"end":{"line":27,"column":58}}]},"2":{"loc":{"start":{"line":14,"column":48},"end":{"line":14,"column":64}},"type":"cond-expr","locations":[{"start":{"line":14,"column":61},"end":{"line":14,"column":64}},{"start":{"line":14,"column":61},"end":{"line":14,"column":64}}]},"3":{"loc":{"start":{"line":14,"column":48},"end":{"line":14,"column":61}},"type":"binary-expr","locations":[{"start":{"line":14,"column":48},"end":{"line":14,"column":64}},{"start":{"line":14,"column":48},"end":{"line":14,"column":61}}]}},"s":{"0":0,"1":0,"2":0,"3":0,"4":0,"5":0,"6":0,"7":0,"8":0,"9":0,"10":0,"11":0,"12":0,"13":0},"f":{"0":0,"1":0},"b":{"0":[0,0],"1":[0,0,0],"2":[0,0],"3":[0,0]}}
,"D:\\IMT\\nestjs\\src\\dto\\user.dto.ts": {"path":"D:\\IMT\\nestjs\\src\\dto\\user.dto.ts","statementMap":{"0":{"start":{"line":1,"column":0},"end":{"line":1,"column":74}},"1":{"start":{"line":2,"column":0},"end":{"line":2,"column":46}},"2":{"start":{"line":3,"column":0},"end":{"line":3,"column":46}},"3":{"start":{"line":5,"column":0},"end":{"line":5,"column":13}},"4":{"start":{"line":8,"column":2},"end":{"line":8,"column":null}},"5":{"start":{"line":13,"column":2},"end":{"line":13,"column":null}},"6":{"start":{"line":11,"column":28},"end":{"line":11,"column":54}},"7":{"start":{"line":16,"column":2},"end":{"line":16,"column":null}},"8":{"start":{"line":19,"column":2},"end":{"line":19,"column":null}},"9":{"start":{"line":22,"column":2},"end":{"line":22,"column":null}},"10":{"start":{"line":25,"column":0},"end":{"line":25,"column":13}},"11":{"start":{"line":29,"column":2},"end":{"line":29,"column":null}},"12":{"start":{"line":33,"column":2},"end":{"line":33,"column":null}},"13":{"start":{"line":36,"column":0},"end":{"line":36,"column":13}},"14":{"start":{"line":39,"column":2},"end":{"line":39,"column":null}},"15":{"start":{"line":43,"column":2},"end":{"line":43,"column":null}},"16":{"start":{"line":46,"column":0},"end":{"line":46,"column":13}},"17":{"start":{"line":51,"column":2},"end":{"line":51,"column":null}},"18":{"start":{"line":55,"column":2},"end":{"line":55,"column":null}}},"fnMap":{"0":{"name":"(anonymous_2)","decl":{"start":{"line":11,"column":13},"end":{"line":11,"column":14}},"loc":{"start":{"line":11,"column":28},"end":{"line":11,"column":54}}}},"branchMap":{},"s":{"0":1,"1":1,"2":1,"3":1,"4":1,"5":1,"6":0,"7":1,"8":1,"9":1,"10":1,"11":1,"12":1,"13":1,"14":1,"15":1,"16":1,"17":1,"18":1},"f":{"0":0},"b":{}}
,"D:\\IMT\\nestjs\\src\\model\\app.model.ts": {"path":"D:\\IMT\\nestjs\\src\\model\\app.model.ts","statementMap":{"0":{"start":{"line":1,"column":0},"end":{"line":1,"column":115}},"1":{"start":{"line":2,"column":0},"end":{"line":2,"column":38}},"2":{"start":{"line":8,"column":7},"end":{"line":24,"column":null}},"3":{"start":{"line":8,"column":13},"end":{"line":8,"column":18}},"4":{"start":{"line":10,"column":66},"end":{"line":10,"column":null}},"5":{"start":{"line":12,"column":64},"end":{"line":12,"column":null}},"6":{"start":{"line":14,"column":77},"end":{"line":14,"column":null}},"7":{"start":{"line":16,"column":66},"end":{"line":16,"column":null}},"8":{"start":{"line":18,"column":66},"end":{"line":18,"column":null}},"9":{"start":{"line":21,"column":48},"end":{"line":21,"column":null}},"10":{"start":{"line":20,"column":22},"end":{"line":20,"column":26}},"11":{"start":{"line":23,"column":12},"end":{"line":23,"column":null}},"12":{"start":{"line":22,"column":21},"end":{"line":22,"column":25}},"13":{"start":{"line":8,"column":13},"end":{"line":24,"column":null}}},"fnMap":{"0":{"name":"(anonymous_2)","decl":{"start":{"line":20,"column":16},"end":{"line":20,"column":19}},"loc":{"start":{"line":20,"column":22},"end":{"line":20,"column":26}}},"1":{"name":"(anonymous_3)","decl":{"start":{"line":22,"column":15},"end":{"line":22,"column":18}},"loc":{"start":{"line":22,"column":21},"end":{"line":22,"column":25}}}},"branchMap":{"0":{"loc":{"start":{"line":23,"column":18},"end":{"line":23,"column":23}},"type":"cond-expr","locations":[{"start":{"line":23,"column":22},"end":{"line":23,"column":23}},{"start":{"line":23,"column":22},"end":{"line":23,"column":23}}]},"1":{"loc":{"start":{"line":23,"column":18},"end":{"line":23,"column":22}},"type":"binary-expr","locations":[{"start":{"line":23,"column":18},"end":{"line":23,"column":23}},{"start":{"line":23,"column":18},"end":{"line":23,"column":22}}]}},"s":{"0":1,"1":1,"2":1,"3":1,"4":1,"5":1,"6":1,"7":1,"8":1,"9":1,"10":0,"11":1,"12":0,"13":1},"f":{"0":0,"1":0},"b":{"0":[1,0],"1":[1,1]}}
,"D:\\IMT\\nestjs\\src\\model\\app.modelRoles.ts": {"path":"D:\\IMT\\nestjs\\src\\model\\app.modelRoles.ts","statementMap":{"0":{"start":{"line":1,"column":0},"end":{"line":1,"column":100}},"1":{"start":{"line":2,"column":0},"end":{"line":2,"column":44}},"2":{"start":{"line":7,"column":7},"end":{"line":18,"column":null}},"3":{"start":{"line":7,"column":13},"end":{"line":7,"column":17}},"4":{"start":{"line":10,"column":12},"end":{"line":10,"column":null}},"5":{"start":{"line":13,"column":12},"end":{"line":13,"column":null}},"6":{"start":{"line":16,"column":12},"end":{"line":16,"column":null}},"7":{"start":{"line":17,"column":39},"end":{"line":17,"column":null}},"8":{"start":{"line":17,"column":19},"end":{"line":17,"column":29}},"9":{"start":{"line":7,"column":13},"end":{"line":18,"column":null}}},"fnMap":{"0":{"name":"(anonymous_2)","decl":{"start":{"line":17,"column":13},"end":{"line":17,"column":16}},"loc":{"start":{"line":17,"column":19},"end":{"line":17,"column":29}}}},"branchMap":{},"s":{"0":1,"1":1,"2":1,"3":1,"4":1,"5":1,"6":1,"7":1,"8":0,"9":1},"f":{"0":0},"b":{}}
,"D:\\IMT\\nestjs\\src\\model\\app.permissions.ts": {"path":"D:\\IMT\\nestjs\\src\\model\\app.permissions.ts","statementMap":{"0":{"start":{"line":1,"column":0},"end":{"line":1,"column":105}},"1":{"start":{"line":2,"column":0},"end":{"line":2,"column":40}},"2":{"start":{"line":9,"column":7},"end":{"line":25,"column":null}},"3":{"start":{"line":9,"column":13},"end":{"line":9,"column":23}},"4":{"start":{"line":13,"column":10},"end":{"line":13,"column":null}},"5":{"start":{"line":16,"column":10},"end":{"line":16,"column":null}},"6":{"start":{"line":21,"column":10},"end":{"line":21,"column":null}},"7":{"start":{"line":19,"column":20},"end":{"line":19,"column":24}},"8":{"start":{"line":24,"column":34},"end":{"line":24,"column":null}},"9":{"start":{"line":24,"column":19},"end":{"line":24,"column":23}},"10":{"start":{"line":9,"column":13},"end":{"line":25,"column":null}}},"fnMap":{"0":{"name":"(anonymous_2)","decl":{"start":{"line":19,"column":14},"end":{"line":19,"column":17}},"loc":{"start":{"line":19,"column":20},"end":{"line":19,"column":24}}},"1":{"name":"(anonymous_3)","decl":{"start":{"line":24,"column":13},"end":{"line":24,"column":16}},"loc":{"start":{"line":24,"column":19},"end":{"line":24,"column":23}}}},"branchMap":{"0":{"loc":{"start":{"line":24,"column":40},"end":{"line":24,"column":45}},"type":"cond-expr","locations":[{"start":{"line":24,"column":44},"end":{"line":24,"column":45}},{"start":{"line":24,"column":44},"end":{"line":24,"column":45}}]},"1":{"loc":{"start":{"line":24,"column":40},"end":{"line":24,"column":44}},"type":"binary-expr","locations":[{"start":{"line":24,"column":40},"end":{"line":24,"column":45}},{"start":{"line":24,"column":40},"end":{"line":24,"column":44}}]}},"s":{"0":1,"1":1,"2":1,"3":1,"4":1,"5":1,"6":1,"7":0,"8":1,"9":0,"10":1},"f":{"0":0,"1":0},"b":{"0":[0,1],"1":[1,0]}}
,"D:\\IMT\\nestjs\\src\\service\\app.service.ts": {"path":"D:\\IMT\\nestjs\\src\\service\\app.service.ts","statementMap":{"0":{"start":{"line":1,"column":0},"end":{"line":1,"column":163}},"1":{"start":{"line":2,"column":0},"end":{"line":2,"column":41}},"2":{"start":{"line":3,"column":0},"end":{"line":3,"column":45}},"3":{"start":{"line":5,"column":0},"end":{"line":5,"column":47}},"4":{"start":{"line":6,"column":0},"end":{"line":6,"column":33}},"5":{"start":{"line":7,"column":0},"end":{"line":7,"column":41}},"6":{"start":{"line":8,"column":0},"end":{"line":8,"column":52}},"7":{"start":{"line":9,"column":0},"end":{"line":9,"column":54}},"8":{"start":{"line":11,"column":0},"end":{"line":11,"column":31}},"9":{"start":{"line":14,"column":23},"end":{"line":518,"column":null}},"10":{"start":{"line":15,"column":28},"end":{"line":15,"column":55}},"11":{"start":{"line":18,"column":32},"end":{"line":18,"column":55}},"12":{"start":{"line":20,"column":31},"end":{"line":20,"column":53}},"13":{"start":{"line":22,"column":37},"end":{"line":22,"column":71}},"14":{"start":{"line":24,"column":35},"end":{"line":24,"column":54}},"15":{"start":{"line":26,"column":21},"end":{"line":26,"column":33}},"16":{"start":{"line":31,"column":21},"end":{"line":33,"column":4}},"17":{"start":{"line":34,"column":4},"end":{"line":34,"column":38}},"18":{"start":{"line":34,"column":19},"end":{"line":34,"column":38}},"19":{"start":{"line":35,"column":23},"end":{"line":35,"column":54}},"20":{"start":{"line":36,"column":22},"end":{"line":36,"column":36}},"21":{"start":{"line":37,"column":4},"end":{"line":37,"column":57}},"22":{"start":{"line":42,"column":4},"end":{"line":42,"column":58}},"23":{"start":{"line":44,"column":4},"end":{"line":64,"column":5}},"24":{"start":{"line":45,"column":29},"end":{"line":45,"column":65}},"25":{"start":{"line":47,"column":15},"end":{"line":47,"column":42}},"26":{"start":{"line":49,"column":24},"end":{"line":49,"column":84}},"27":{"start":{"line":50,"column":6},"end":{"line":53,"column":7}},"28":{"start":{"line":51,"column":8},"end":{"line":51,"column":77}},"29":{"start":{"line":52,"column":8},"end":{"line":52,"column":60}},"30":{"start":{"line":54,"column":6},"end":{"line":54,"column":66}},"31":{"start":{"line":55,"column":6},"end":{"line":59,"column":9}},"32":{"start":{"line":62,"column":6},"end":{"line":62,"column":50}},"33":{"start":{"line":63,"column":6},"end":{"line":63,"column":18}},"34":{"start":{"line":69,"column":21},"end":{"line":69,"column":56}},"35":{"start":{"line":70,"column":4},"end":{"line":70,"column":42}},"36":{"start":{"line":72,"column":4},"end":{"line":97,"column":5}},"37":{"start":{"line":73,"column":21},"end":{"line":73,"column":58}},"38":{"start":{"line":75,"column":6},"end":{"line":78,"column":7}},"39":{"start":{"line":76,"column":8},"end":{"line":76,"column":50}},"40":{"start":{"line":77,"column":8},"end":{"line":77,"column":22}},"41":{"start":{"line":79,"column":6},"end":{"line":79,"column":50}},"42":{"start":{"line":81,"column":21},"end":{"line":81,"column":39}},"43":{"start":{"line":83,"column":30},"end":{"line":85,"column":8}},"44":{"start":{"line":87,"column":21},"end":{"line":89,"column":8}},"45":{"start":{"line":88,"column":102},"end":{"line":88,"column":124}},"46":{"start":{"line":91,"column":6},"end":{"line":91,"column":58}},"47":{"start":{"line":93,"column":6},"end":{"line":93,"column":20}},"48":{"start":{"line":95,"column":6},"end":{"line":95,"column":43}},"49":{"start":{"line":96,"column":6},"end":{"line":96,"column":18}},"50":{"start":{"line":102,"column":16},"end":{"line":102,"column":28}},"51":{"start":{"line":104,"column":4},"end":{"line":126,"column":5}},"52":{"start":{"line":105,"column":21},"end":{"line":105,"column":53}},"53":{"start":{"line":106,"column":6},"end":{"line":109,"column":7}},"54":{"start":{"line":107,"column":8},"end":{"line":107,"column":45}},"55":{"start":{"line":108,"column":8},"end":{"line":108,"column":22}},"56":{"start":{"line":110,"column":7},"end":{"line":110,"column":46}},"57":{"start":{"line":111,"column":20},"end":{"line":111,"column":104}},"58":{"start":{"line":115,"column":6},"end":{"line":118,"column":5}},"59":{"start":{"line":116,"column":6},"end":{"line":116,"column":48}},"60":{"start":{"line":117,"column":6},"end":{"line":117,"column":52}},"61":{"start":{"line":120,"column":6},"end":{"line":120,"column":52}},"62":{"start":{"line":121,"column":6},"end":{"line":121,"column":18}},"63":{"start":{"line":124,"column":6},"end":{"line":124,"column":43}},"64":{"start":{"line":125,"column":6},"end":{"line":125,"column":18}},"65":{"start":{"line":132,"column":4},"end":{"line":132,"column":71}},"66":{"start":{"line":133,"column":4},"end":{"line":172,"column":5}},"67":{"start":{"line":134,"column":19},"end":{"line":134,"column":64}},"68":{"start":{"line":136,"column":6},"end":{"line":139,"column":7}},"69":{"start":{"line":137,"column":8},"end":{"line":137,"column":66}},"70":{"start":{"line":138,"column":8},"end":{"line":138,"column":54}},"71":{"start":{"line":141,"column":6},"end":{"line":144,"column":7}},"72":{"start":{"line":142,"column":8},"end":{"line":142,"column":91}},"73":{"start":{"line":143,"column":8},"end":{"line":143,"column":77}},"74":{"start":{"line":145,"column":30},"end":{"line":145,"column":98}},"75":{"start":{"line":147,"column":6},"end":{"line":153,"column":7}},"76":{"start":{"line":148,"column":8},"end":{"line":151,"column":9}},"77":{"start":{"line":149,"column":10},"end":{"line":149,"column":82}},"78":{"start":{"line":150,"column":10},"end":{"line":150,"column":69}},"79":{"start":{"line":152,"column":6},"end":{"line":152,"column":38}},"80":{"start":{"line":154,"column":6},"end":{"line":156,"column":7}},"81":{"start":{"line":155,"column":8},"end":{"line":155,"column":67}},"82":{"start":{"line":158,"column":6},"end":{"line":158,"column":36}},"83":{"start":{"line":160,"column":6},"end":{"line":160,"column":48}},"84":{"start":{"line":161,"column":6},"end":{"line":161,"column":55}},"85":{"start":{"line":163,"column":6},"end":{"line":163,"column":48}},"86":{"start":{"line":165,"column":6},"end":{"line":165,"column":58}},"87":{"start":{"line":167,"column":6},"end":{"line":167,"column":54}},"88":{"start":{"line":170,"column":6},"end":{"line":170,"column":51}},"89":{"start":{"line":171,"column":6},"end":{"line":171,"column":18}},"90":{"start":{"line":177,"column":4},"end":{"line":177,"column":50}},"91":{"start":{"line":178,"column":4},"end":{"line":198,"column":5}},"92":{"start":{"line":179,"column":19},"end":{"line":179,"column":64}},"93":{"start":{"line":181,"column":6},"end":{"line":184,"column":5}},"94":{"start":{"line":182,"column":8},"end":{"line":182,"column":66}},"95":{"start":{"line":183,"column":8},"end":{"line":183,"column":58}},"96":{"start":{"line":186,"column":6},"end":{"line":186,"column":27}},"97":{"start":{"line":188,"column":6},"end":{"line":188,"column":48}},"98":{"start":{"line":189,"column":6},"end":{"line":189,"column":55}},"99":{"start":{"line":190,"column":6},"end":{"line":190,"column":58}},"100":{"start":{"line":192,"column":6},"end":{"line":194,"column":8}},"101":{"start":{"line":196,"column":6},"end":{"line":196,"column":51}},"102":{"start":{"line":197,"column":6},"end":{"line":197,"column":18}},"103":{"start":{"line":203,"column":4},"end":{"line":203,"column":52}},"104":{"start":{"line":205,"column":4},"end":{"line":215,"column":5}},"105":{"start":{"line":206,"column":20},"end":{"line":209,"column":8}},"106":{"start":{"line":210,"column":6},"end":{"line":210,"column":19}},"107":{"start":{"line":213,"column":6},"end":{"line":213,"column":51}},"108":{"start":{"line":214,"column":6},"end":{"line":214,"column":18}},"109":{"start":{"line":219,"column":32},"end":{"line":219,"column":40}},"110":{"start":{"line":220,"column":4},"end":{"line":220,"column":47}},"111":{"start":{"line":222,"column":4},"end":{"line":248,"column":5}},"112":{"start":{"line":223,"column":19},"end":{"line":223,"column":114}},"113":{"start":{"line":224,"column":6},"end":{"line":227,"column":7}},"114":{"start":{"line":225,"column":8},"end":{"line":225,"column":68}},"115":{"start":{"line":226,"column":8},"end":{"line":226,"column":49}},"116":{"start":{"line":228,"column":20},"end":{"line":228,"column":65}},"117":{"start":{"line":230,"column":6},"end":{"line":233,"column":7}},"118":{"start":{"line":231,"column":8},"end":{"line":231,"column":68}},"119":{"start":{"line":232,"column":8},"end":{"line":232,"column":58}},"120":{"start":{"line":235,"column":19},"end":{"line":235,"column":28}},"121":{"start":{"line":236,"column":26},"end":{"line":236,"column":67}},"122":{"start":{"line":236,"column":54},"end":{"line":236,"column":60}},"123":{"start":{"line":238,"column":22},"end":{"line":238,"column":95}},"124":{"start":{"line":239,"column":6},"end":{"line":239,"column":49}},"125":{"start":{"line":241,"column":6},"end":{"line":244,"column":8}},"126":{"start":{"line":246,"column":6},"end":{"line":246,"column":45}},"127":{"start":{"line":247,"column":6},"end":{"line":247,"column":18}},"128":{"start":{"line":252,"column":16},"end":{"line":252,"column":27}},"129":{"start":{"line":253,"column":4},"end":{"line":253,"column":42}},"130":{"start":{"line":254,"column":4},"end":{"line":281,"column":5}},"131":{"start":{"line":255,"column":21},"end":{"line":255,"column":53}},"132":{"start":{"line":256,"column":6},"end":{"line":259,"column":7}},"133":{"start":{"line":257,"column":8},"end":{"line":257,"column":45}},"134":{"start":{"line":258,"column":8},"end":{"line":258,"column":22}},"135":{"start":{"line":261,"column":4},"end":{"line":261,"column":43}},"136":{"start":{"line":263,"column":20},"end":{"line":266,"column":8}},"137":{"start":{"line":267,"column":6},"end":{"line":270,"column":7}},"138":{"start":{"line":268,"column":8},"end":{"line":268,"column":43}},"139":{"start":{"line":269,"column":8},"end":{"line":269,"column":54}},"140":{"start":{"line":271,"column":6},"end":{"line":271,"column":68}},"141":{"start":{"line":273,"column":6},"end":{"line":273,"column":53}},"142":{"start":{"line":274,"column":6},"end":{"line":274,"column":43}},"143":{"start":{"line":276,"column":6},"end":{"line":276,"column":19}},"144":{"start":{"line":279,"column":6},"end":{"line":279,"column":49}},"145":{"start":{"line":280,"column":6},"end":{"line":280,"column":18}},"146":{"start":{"line":285,"column":4},"end":{"line":285,"column":52}},"147":{"start":{"line":287,"column":4},"end":{"line":302,"column":5}},"148":{"start":{"line":288,"column":23},"end":{"line":288,"column":72}},"149":{"start":{"line":289,"column":6},"end":{"line":292,"column":7}},"150":{"start":{"line":290,"column":8},"end":{"line":290,"column":73}},"151":{"start":{"line":291,"column":8},"end":{"line":291,"column":61}},"152":{"start":{"line":293,"column":6},"end":{"line":293,"column":47}},"153":{"start":{"line":294,"column":6},"end":{"line":294,"column":54}},"154":{"start":{"line":296,"column":6},"end":{"line":296,"column":60}},"155":{"start":{"line":298,"column":6},"end":{"line":298,"column":53}},"156":{"start":{"line":308,"column":17},"end":{"line":310,"column":6}},"157":{"start":{"line":312,"column":4},"end":{"line":314,"column":5}},"158":{"start":{"line":313,"column":6},"end":{"line":313,"column":56}},"159":{"start":{"line":316,"column":4},"end":{"line":316,"column":25}},"160":{"start":{"line":318,"column":4},"end":{"line":320,"column":6}},"161":{"start":{"line":324,"column":4},"end":{"line":324,"column":50}},"162":{"start":{"line":325,"column":4},"end":{"line":352,"column":5}},"163":{"start":{"line":326,"column":19},"end":{"line":326,"column":66}},"164":{"start":{"line":327,"column":6},"end":{"line":330,"column":7}},"165":{"start":{"line":328,"column":8},"end":{"line":328,"column":66}},"166":{"start":{"line":329,"column":8},"end":{"line":329,"column":54}},"167":{"start":{"line":331,"column":6},"end":{"line":338,"column":7}},"168":{"start":{"line":332,"column":25},"end":{"line":332,"column":82}},"169":{"start":{"line":334,"column":8},"end":{"line":337,"column":9}},"170":{"start":{"line":335,"column":10},"end":{"line":335,"column":76}},"171":{"start":{"line":336,"column":10},"end":{"line":336,"column":68}},"172":{"start":{"line":339,"column":6},"end":{"line":339,"column":29}},"173":{"start":{"line":341,"column":6},"end":{"line":341,"column":47}},"174":{"start":{"line":342,"column":6},"end":{"line":342,"column":54}},"175":{"start":{"line":343,"column":6},"end":{"line":343,"column":58}},"176":{"start":{"line":345,"column":6},"end":{"line":348,"column":8}},"177":{"start":{"line":350,"column":6},"end":{"line":350,"column":51}},"178":{"start":{"line":351,"column":6},"end":{"line":351,"column":18}},"179":{"start":{"line":356,"column":4},"end":{"line":356,"column":64}},"180":{"start":{"line":358,"column":4},"end":{"line":383,"column":5}},"181":{"start":{"line":359,"column":25},"end":{"line":361,"column":8}},"182":{"start":{"line":362,"column":22},"end":{"line":376,"column":38}},"183":{"start":{"line":363,"column":19},"end":{"line":363,"column":28}},"184":{"start":{"line":365,"column":6},"end":{"line":365,"column":28}},"185":{"start":{"line":365,"column":17},"end":{"line":365,"column":28}},"186":{"start":{"line":367,"column":23},"end":{"line":367,"column":32}},"187":{"start":{"line":369,"column":6},"end":{"line":371,"column":7}},"188":{"start":{"line":370,"column":8},"end":{"line":370,"column":27}},"189":{"start":{"line":373,"column":6},"end":{"line":373,"column":36}},"190":{"start":{"line":375,"column":6},"end":{"line":375,"column":17}},"191":{"start":{"line":378,"column":4},"end":{"line":378,"column":56}},"192":{"start":{"line":379,"column":4},"end":{"line":379,"column":19}},"193":{"start":{"line":381,"column":6},"end":{"line":381,"column":54}},"194":{"start":{"line":382,"column":6},"end":{"line":382,"column":18}},"195":{"start":{"line":388,"column":16},"end":{"line":388,"column":34}},"196":{"start":{"line":389,"column":4},"end":{"line":389,"column":50}},"197":{"start":{"line":391,"column":4},"end":{"line":416,"column":5}},"198":{"start":{"line":392,"column":21},"end":{"line":392,"column":53}},"199":{"start":{"line":393,"column":6},"end":{"line":396,"column":7}},"200":{"start":{"line":394,"column":8},"end":{"line":394,"column":45}},"201":{"start":{"line":395,"column":8},"end":{"line":395,"column":22}},"202":{"start":{"line":397,"column":6},"end":{"line":397,"column":45}},"203":{"start":{"line":399,"column":25},"end":{"line":399,"column":83}},"204":{"start":{"line":401,"column":6},"end":{"line":404,"column":7}},"205":{"start":{"line":402,"column":8},"end":{"line":402,"column":56}},"206":{"start":{"line":403,"column":8},"end":{"line":403,"column":60}},"207":{"start":{"line":406,"column":21},"end":{"line":406,"column":52}},"208":{"start":{"line":408,"column":6},"end":{"line":408,"column":54}},"209":{"start":{"line":409,"column":6},"end":{"line":409,"column":43}},"210":{"start":{"line":411,"column":6},"end":{"line":411,"column":20}},"211":{"start":{"line":414,"column":6},"end":{"line":414,"column":60}},"212":{"start":{"line":415,"column":6},"end":{"line":415,"column":18}},"213":{"start":{"line":420,"column":4},"end":{"line":420,"column":77}},"214":{"start":{"line":421,"column":4},"end":{"line":446,"column":5}},"215":{"start":{"line":422,"column":19},"end":{"line":422,"column":56}},"216":{"start":{"line":423,"column":6},"end":{"line":426,"column":7}},"217":{"start":{"line":424,"column":6},"end":{"line":424,"column":79}},"218":{"start":{"line":425,"column":6},"end":{"line":425,"column":52}},"219":{"start":{"line":428,"column":23},"end":{"line":428,"column":84}},"220":{"start":{"line":430,"column":4},"end":{"line":433,"column":5}},"221":{"start":{"line":431,"column":6},"end":{"line":431,"column":94}},"222":{"start":{"line":432,"column":6},"end":{"line":432,"column":65}},"223":{"start":{"line":435,"column":23},"end":{"line":435,"column":72}},"224":{"start":{"line":437,"column":4},"end":{"line":437,"column":63}},"225":{"start":{"line":438,"column":4},"end":{"line":438,"column":51}},"226":{"start":{"line":439,"column":4},"end":{"line":439,"column":59}},"227":{"start":{"line":441,"column":4},"end":{"line":441,"column":81}},"228":{"start":{"line":442,"column":4},"end":{"line":442,"column":22}},"229":{"start":{"line":444,"column":6},"end":{"line":444,"column":57}},"230":{"start":{"line":445,"column":4},"end":{"line":445,"column":16}},"231":{"start":{"line":451,"column":4},"end":{"line":451,"column":56}},"232":{"start":{"line":452,"column":4},"end":{"line":481,"column":5}},"233":{"start":{"line":453,"column":25},"end":{"line":453,"column":64}},"234":{"start":{"line":454,"column":6},"end":{"line":457,"column":7}},"235":{"start":{"line":455,"column":8},"end":{"line":455,"column":56}},"236":{"start":{"line":456,"column":8},"end":{"line":456,"column":60}},"237":{"start":{"line":458,"column":6},"end":{"line":468,"column":5}},"238":{"start":{"line":459,"column":23},"end":{"line":463,"column":8}},"239":{"start":{"line":464,"column":6},"end":{"line":467,"column":7}},"240":{"start":{"line":465,"column":8},"end":{"line":465,"column":83}},"241":{"start":{"line":466,"column":8},"end":{"line":466,"column":67}},"242":{"start":{"line":469,"column":4},"end":{"line":469,"column":33}},"243":{"start":{"line":471,"column":4},"end":{"line":471,"column":52}},"244":{"start":{"line":472,"column":4},"end":{"line":472,"column":51}},"245":{"start":{"line":473,"column":4},"end":{"line":473,"column":76}},"246":{"start":{"line":474,"column":4},"end":{"line":474,"column":62}},"247":{"start":{"line":476,"column":4},"end":{"line":477,"column":6}},"248":{"start":{"line":479,"column":6},"end":{"line":479,"column":57}},"249":{"start":{"line":480,"column":4},"end":{"line":480,"column":16}},"250":{"start":{"line":485,"column":4},"end":{"line":485,"column":56}},"251":{"start":{"line":486,"column":4},"end":{"line":507,"column":5}},"252":{"start":{"line":487,"column":25},"end":{"line":487,"column":64}},"253":{"start":{"line":489,"column":4},"end":{"line":492,"column":5}},"254":{"start":{"line":490,"column":6},"end":{"line":490,"column":70}},"255":{"start":{"line":491,"column":6},"end":{"line":491,"column":58}},"256":{"start":{"line":494,"column":6},"end":{"line":494,"column":33}},"257":{"start":{"line":495,"column":6},"end":{"line":495,"column":54}},"258":{"start":{"line":496,"column":6},"end":{"line":496,"column":53}},"259":{"start":{"line":497,"column":6},"end":{"line":497,"column":78}},"260":{"start":{"line":499,"column":6},"end":{"line":499,"column":64}},"261":{"start":{"line":501,"column":6},"end":{"line":503,"column":8}},"262":{"start":{"line":505,"column":6},"end":{"line":505,"column":57}},"263":{"start":{"line":506,"column":6},"end":{"line":506,"column":18}},"264":{"start":{"line":511,"column":4},"end":{"line":515,"column":5}},"265":{"start":{"line":512,"column":6},"end":{"line":512,"column":69}},"266":{"start":{"line":514,"column":6},"end":{"line":514,"column":76}},"267":{"start":{"line":14,"column":13},"end":{"line":14,"column":23}},"268":{"start":{"line":14,"column":13},"end":{"line":518,"column":null}}},"fnMap":{"0":{"name":"(anonymous_13)","decl":{"start":{"line":17,"column":2},"end":{"line":17,"column":null}},"loc":{"start":{"line":26,"column":43},"end":{"line":27,"column":6}}},"1":{"name":"(anonymous_14)","decl":{"start":{"line":30,"column":2},"end":{"line":30,"column":7}},"loc":{"start":{"line":30,"column":22},"end":{"line":38,"column":3}}},"2":{"name":"(anonymous_15)","decl":{"start":{"line":41,"column":2},"end":{"line":41,"column":7}},"loc":{"start":{"line":41,"column":38},"end":{"line":65,"column":3}}},"3":{"name":"(anonymous_16)","decl":{"start":{"line":68,"column":2},"end":{"line":68,"column":7}},"loc":{"start":{"line":68,"column":51},"end":{"line":98,"column":3}}},"4":{"name":"(anonymous_17)","decl":{"start":{"line":88,"column":97},"end":{"line":88,"column":98}},"loc":{"start":{"line":88,"column":102},"end":{"line":88,"column":124}}},"5":{"name":"(anonymous_18)","decl":{"start":{"line":101,"column":2},"end":{"line":101,"column":7}},"loc":{"start":{"line":101,"column":30},"end":{"line":128,"column":3}}},"6":{"name":"(anonymous_19)","decl":{"start":{"line":131,"column":2},"end":{"line":131,"column":7}},"loc":{"start":{"line":131,"column":68},"end":{"line":173,"column":3}}},"7":{"name":"(anonymous_20)","decl":{"start":{"line":176,"column":2},"end":{"line":176,"column":7}},"loc":{"start":{"line":176,"column":29},"end":{"line":200,"column":3}}},"8":{"name":"(anonymous_21)","decl":{"start":{"line":202,"column":2},"end":{"line":202,"column":7}},"loc":{"start":{"line":202,"column":37},"end":{"line":216,"column":1}}},"9":{"name":"(anonymous_22)","decl":{"start":{"line":218,"column":2},"end":{"line":218,"column":7}},"loc":{"start":{"line":218,"column":32},"end":{"line":249,"column":1}}},"10":{"name":"(anonymous_23)","decl":{"start":{"line":236,"column":49},"end":{"line":236,"column":50}},"loc":{"start":{"line":236,"column":54},"end":{"line":236,"column":60}}},"11":{"name":"(anonymous_24)","decl":{"start":{"line":251,"column":2},"end":{"line":251,"column":7}},"loc":{"start":{"line":251,"column":16},"end":{"line":282,"column":3}}},"12":{"name":"(anonymous_25)","decl":{"start":{"line":284,"column":2},"end":{"line":284,"column":7}},"loc":{"start":{"line":284,"column":48},"end":{"line":304,"column":3}}},"13":{"name":"(anonymous_26)","decl":{"start":{"line":306,"column":2},"end":{"line":306,"column":7}},"loc":{"start":{"line":306,"column":29},"end":{"line":321,"column":3}}},"14":{"name":"(anonymous_27)","decl":{"start":{"line":323,"column":2},"end":{"line":323,"column":7}},"loc":{"start":{"line":323,"column":49},"end":{"line":353,"column":3}}},"15":{"name":"(anonymous_28)","decl":{"start":{"line":355,"column":2},"end":{"line":355,"column":7}},"loc":{"start":{"line":355,"column":25},"end":{"line":385,"column":3}}},"16":{"name":"(anonymous_29)","decl":{"start":{"line":362,"column":41},"end":{"line":362,"column":42}},"loc":{"start":{"line":362,"column":55},"end":{"line":376,"column":5}}},"17":{"name":"(anonymous_30)","decl":{"start":{"line":387,"column":2},"end":{"line":387,"column":7}},"loc":{"start":{"line":387,"column":36},"end":{"line":417,"column":3}}},"18":{"name":"(anonymous_31)","decl":{"start":{"line":419,"column":2},"end":{"line":419,"column":7}},"loc":{"start":{"line":419,"column":53},"end":{"line":447,"column":3}}},"19":{"name":"(anonymous_32)","decl":{"start":{"line":449,"column":2},"end":{"line":449,"column":7}},"loc":{"start":{"line":449,"column":55},"end":{"line":482,"column":3}}},"20":{"name":"(anonymous_33)","decl":{"start":{"line":484,"column":2},"end":{"line":484,"column":7}},"loc":{"start":{"line":484,"column":35},"end":{"line":508,"column":3}}},"21":{"name":"(anonymous_34)","decl":{"start":{"line":510,"column":10},"end":{"line":510,"column":21}},"loc":{"start":{"line":510,"column":53},"end":{"line":516,"column":3}}}},"branchMap":{"0":{"loc":{"start":{"line":34,"column":4},"end":{"line":34,"column":38}},"type":"if","locations":[{"start":{"line":34,"column":4},"end":{"line":34,"column":38}},{"start":{},"end":{}}]},"1":{"loc":{"start":{"line":50,"column":6},"end":{"line":53,"column":7}},"type":"if","locations":[{"start":{"line":50,"column":6},"end":{"line":53,"column":7}},{"start":{},"end":{}}]},"2":{"loc":{"start":{"line":68,"column":16},"end":{"line":68,"column":32}},"type":"default-arg","locations":[{"start":{"line":68,"column":31},"end":{"line":68,"column":32}}]},"3":{"loc":{"start":{"line":68,"column":34},"end":{"line":68,"column":51}},"type":"default-arg","locations":[{"start":{"line":68,"column":50},"end":{"line":68,"column":51}}]},"4":{"loc":{"start":{"line":75,"column":6},"end":{"line":78,"column":7}},"type":"if","locations":[{"start":{"line":75,"column":6},"end":{"line":78,"column":7}},{"start":{},"end":{}}]},"5":{"loc":{"start":{"line":106,"column":6},"end":{"line":109,"column":7}},"type":"if","locations":[{"start":{"line":106,"column":6},"end":{"line":109,"column":7}},{"start":{},"end":{}}]},"6":{"loc":{"start":{"line":115,"column":6},"end":{"line":118,"column":5}},"type":"if","locations":[{"start":{"line":115,"column":6},"end":{"line":118,"column":5}},{"start":{},"end":{}}]},"7":{"loc":{"start":{"line":136,"column":6},"end":{"line":139,"column":7}},"type":"if","locations":[{"start":{"line":136,"column":6},"end":{"line":139,"column":7}},{"start":{},"end":{}}]},"8":{"loc":{"start":{"line":141,"column":6},"end":{"line":144,"column":7}},"type":"if","locations":[{"start":{"line":141,"column":6},"end":{"line":144,"column":7}},{"start":{},"end":{}}]},"9":{"loc":{"start":{"line":141,"column":10},"end":{"line":141,"column":104}},"type":"binary-expr","locations":[{"start":{"line":141,"column":10},"end":{"line":141,"column":38}},{"start":{"line":141,"column":42},"end":{"line":141,"column":71}},{"start":{"line":141,"column":75},"end":{"line":141,"column":104}}]},"10":{"loc":{"start":{"line":147,"column":6},"end":{"line":153,"column":7}},"type":"if","locations":[{"start":{"line":147,"column":6},"end":{"line":153,"column":7}},{"start":{},"end":{}}]},"11":{"loc":{"start":{"line":148,"column":8},"end":{"line":151,"column":9}},"type":"if","locations":[{"start":{"line":148,"column":8},"end":{"line":151,"column":9}},{"start":{},"end":{}}]},"12":{"loc":{"start":{"line":154,"column":6},"end":{"line":156,"column":7}},"type":"if","locations":[{"start":{"line":154,"column":6},"end":{"line":156,"column":7}},{"start":{},"end":{}}]},"13":{"loc":{"start":{"line":181,"column":6},"end":{"line":184,"column":5}},"type":"if","locations":[{"start":{"line":181,"column":6},"end":{"line":184,"column":5}},{"start":{},"end":{}}]},"14":{"loc":{"start":{"line":224,"column":6},"end":{"line":227,"column":7}},"type":"if","locations":[{"start":{"line":224,"column":6},"end":{"line":227,"column":7}},{"start":{},"end":{}}]},"15":{"loc":{"start":{"line":230,"column":6},"end":{"line":233,"column":7}},"type":"if","locations":[{"start":{"line":230,"column":6},"end":{"line":233,"column":7}},{"start":{},"end":{}}]},"16":{"loc":{"start":{"line":236,"column":26},"end":{"line":236,"column":67}},"type":"binary-expr","locations":[{"start":{"line":236,"column":26},"end":{"line":236,"column":61}},{"start":{"line":236,"column":65},"end":{"line":236,"column":67}}]},"17":{"loc":{"start":{"line":256,"column":6},"end":{"line":259,"column":7}},"type":"if","locations":[{"start":{"line":256,"column":6},"end":{"line":259,"column":7}},{"start":{},"end":{}}]},"18":{"loc":{"start":{"line":267,"column":6},"end":{"line":270,"column":7}},"type":"if","locations":[{"start":{"line":267,"column":6},"end":{"line":270,"column":7}},{"start":{},"end":{}}]},"19":{"loc":{"start":{"line":267,"column":10},"end":{"line":267,"column":38}},"type":"binary-expr","locations":[{"start":{"line":267,"column":10},"end":{"line":267,"column":16}},{"start":{"line":267,"column":20},"end":{"line":267,"column":38}}]},"20":{"loc":{"start":{"line":289,"column":6},"end":{"line":292,"column":7}},"type":"if","locations":[{"start":{"line":289,"column":6},"end":{"line":292,"column":7}},{"start":{},"end":{}}]},"21":{"loc":{"start":{"line":312,"column":4},"end":{"line":314,"column":5}},"type":"if","locations":[{"start":{"line":312,"column":4},"end":{"line":314,"column":5}},{"start":{},"end":{}}]},"22":{"loc":{"start":{"line":327,"column":6},"end":{"line":330,"column":7}},"type":"if","locations":[{"start":{"line":327,"column":6},"end":{"line":330,"column":7}},{"start":{},"end":{}}]},"23":{"loc":{"start":{"line":331,"column":6},"end":{"line":338,"column":7}},"type":"if","locations":[{"start":{"line":331,"column":6},"end":{"line":338,"column":7}},{"start":{},"end":{}}]},"24":{"loc":{"start":{"line":334,"column":8},"end":{"line":337,"column":9}},"type":"if","locations":[{"start":{"line":334,"column":8},"end":{"line":337,"column":9}},{"start":{},"end":{}}]},"25":{"loc":{"start":{"line":334,"column":12},"end":{"line":334,"column":42}},"type":"binary-expr","locations":[{"start":{"line":334,"column":12},"end":{"line":334,"column":20}},{"start":{"line":334,"column":24},"end":{"line":334,"column":42}}]},"26":{"loc":{"start":{"line":365,"column":6},"end":{"line":365,"column":28}},"type":"if","locations":[{"start":{"line":365,"column":6},"end":{"line":365,"column":28}},{"start":{},"end":{}}]},"27":{"loc":{"start":{"line":369,"column":6},"end":{"line":371,"column":7}},"type":"if","locations":[{"start":{"line":369,"column":6},"end":{"line":371,"column":7}},{"start":{},"end":{}}]},"28":{"loc":{"start":{"line":393,"column":6},"end":{"line":396,"column":7}},"type":"if","locations":[{"start":{"line":393,"column":6},"end":{"line":396,"column":7}},{"start":{},"end":{}}]},"29":{"loc":{"start":{"line":401,"column":6},"end":{"line":404,"column":7}},"type":"if","locations":[{"start":{"line":401,"column":6},"end":{"line":404,"column":7}},{"start":{},"end":{}}]},"30":{"loc":{"start":{"line":423,"column":6},"end":{"line":426,"column":7}},"type":"if","locations":[{"start":{"line":423,"column":6},"end":{"line":426,"column":7}},{"start":{},"end":{}}]},"31":{"loc":{"start":{"line":430,"column":4},"end":{"line":433,"column":5}},"type":"if","locations":[{"start":{"line":430,"column":4},"end":{"line":433,"column":5}},{"start":{},"end":{}}]},"32":{"loc":{"start":{"line":454,"column":6},"end":{"line":457,"column":7}},"type":"if","locations":[{"start":{"line":454,"column":6},"end":{"line":457,"column":7}},{"start":{},"end":{}}]},"33":{"loc":{"start":{"line":458,"column":6},"end":{"line":468,"column":5}},"type":"if","locations":[{"start":{"line":458,"column":6},"end":{"line":468,"column":5}},{"start":{},"end":{}}]},"34":{"loc":{"start":{"line":458,"column":10},"end":{"line":458,"column":32}},"type":"binary-expr","locations":[{"start":{"line":458,"column":10},"end":{"line":458,"column":18}},{"start":{"line":458,"column":22},"end":{"line":458,"column":32}}]},"35":{"loc":{"start":{"line":460,"column":14},"end":{"line":460,"column":41}},"type":"binary-expr","locations":[{"start":{"line":460,"column":14},"end":{"line":460,"column":22}},{"start":{"line":460,"column":26},"end":{"line":460,"column":41}}]},"36":{"loc":{"start":{"line":461,"column":16},"end":{"line":461,"column":47}},"type":"binary-expr","locations":[{"start":{"line":461,"column":16},"end":{"line":461,"column":26}},{"start":{"line":461,"column":30},"end":{"line":461,"column":47}}]},"37":{"loc":{"start":{"line":464,"column":6},"end":{"line":467,"column":7}},"type":"if","locations":[{"start":{"line":464,"column":6},"end":{"line":467,"column":7}},{"start":{},"end":{}}]},"38":{"loc":{"start":{"line":464,"column":10},"end":{"line":464,"column":40}},"type":"binary-expr","locations":[{"start":{"line":464,"column":10},"end":{"line":464,"column":18}},{"start":{"line":464,"column":22},"end":{"line":464,"column":40}}]},"39":{"loc":{"start":{"line":489,"column":4},"end":{"line":492,"column":5}},"type":"if","locations":[{"start":{"line":489,"column":4},"end":{"line":492,"column":5}},{"start":{},"end":{}}]},"40":{"loc":{"start":{"line":511,"column":4},"end":{"line":515,"column":5}},"type":"if","locations":[{"start":{"line":511,"column":4},"end":{"line":515,"column":5}},{"start":{"line":513,"column":11},"end":{"line":515,"column":5}}]},"41":{"loc":{"start":{"line":26,"column":33},"end":{"line":26,"column":null}},"type":"cond-expr","locations":[{"start":{"line":26,"column":43},"end":{"line":26,"column":null}},{"start":{"line":26,"column":43},"end":{"line":26,"column":null}}]},"42":{"loc":{"start":{"line":26,"column":33},"end":{"line":26,"column":43}},"type":"binary-expr","locations":[{"start":{"line":26,"column":33},"end":{"line":26,"column":null}},{"start":{"line":26,"column":33},"end":{"line":26,"column":43}}]}},"s":{"0":1,"1":1,"2":1,"3":1,"4":1,"5":1,"6":1,"7":1,"8":1,"9":1,"10":21,"11":21,"12":21,"13":21,"14":21,"15":21,"16":1,"17":1,"18":0,"19":1,"20":1,"21":1,"22":2,"23":2,"24":2,"25":2,"26":2,"27":2,"28":1,"29":1,"30":1,"31":1,"32":1,"33":1,"34":3,"35":3,"36":3,"37":3,"38":3,"39":1,"40":1,"41":2,"42":2,"43":2,"44":2,"45":1,"46":2,"47":2,"48":0,"49":0,"50":6,"51":6,"52":6,"53":6,"54":2,"55":2,"56":4,"57":4,"58":4,"59":2,"60":2,"61":2,"62":2,"63":2,"64":2,"65":7,"66":7,"67":7,"68":7,"69":1,"70":1,"71":6,"72":1,"73":1,"74":5,"75":5,"76":2,"77":1,"78":1,"79":1,"80":4,"81":1,"82":4,"83":4,"84":4,"85":4,"86":4,"87":4,"88":3,"89":3,"90":0,"91":0,"92":0,"93":0,"94":0,"95":0,"96":0,"97":0,"98":0,"99":0,"100":0,"101":0,"102":0,"103":3,"104":3,"105":3,"106":2,"107":1,"108":1,"109":0,"110":0,"111":0,"112":0,"113":0,"114":0,"115":0,"116":0,"117":0,"118":0,"119":0,"120":0,"121":0,"122":0,"123":0,"124":0,"125":0,"126":0,"127":0,"128":0,"129":0,"130":0,"131":0,"132":0,"133":0,"134":0,"135":0,"136":0,"137":0,"138":0,"139":0,"140":0,"141":0,"142":0,"143":0,"144":0,"145":0,"146":0,"147":0,"148":0,"149":0,"150":0,"151":0,"152":0,"153":0,"154":0,"155":0,"156":0,"157":0,"158":0,"159":0,"160":0,"161":0,"162":0,"163":0,"164":0,"165":0,"166":0,"167":0,"168":0,"169":0,"170":0,"171":0,"172":0,"173":0,"174":0,"175":0,"176":0,"177":0,"178":0,"179":0,"180":0,"181":0,"182":0,"183":0,"184":0,"185":0,"186":0,"187":0,"188":0,"189":0,"190":0,"191":0,"192":0,"193":0,"194":0,"195":0,"196":0,"197":0,"198":0,"199":0,"200":0,"201":0,"202":0,"203":0,"204":0,"205":0,"206":0,"207":0,"208":0,"209":0,"210":0,"211":0,"212":0,"213":0,"214":0,"215":0,"216":0,"217":0,"218":0,"219":0,"220":0,"221":0,"222":0,"223":0,"224":0,"225":0,"226":0,"227":0,"228":0,"229":0,"230":0,"231":0,"232":0,"233":0,"234":0,"235":0,"236":0,"237":0,"238":0,"239":0,"240":0,"241":0,"242":0,"243":0,"244":0,"245":0,"246":0,"247":0,"248":0,"249":0,"250":0,"251":0,"252":0,"253":0,"254":0,"255":0,"256":0,"257":0,"258":0,"259":0,"260":0,"261":0,"262":0,"263":0,"264":7,"265":7,"266":0,"267":1,"268":1},"f":{"0":21,"1":1,"2":2,"3":3,"4":1,"5":6,"6":7,"7":0,"8":3,"9":0,"10":0,"11":0,"12":0,"13":0,"14":0,"15":0,"16":0,"17":0,"18":0,"19":0,"20":0,"21":7},"b":{"0":[0,1],"1":[1,1],"2":[0],"3":[0],"4":[1,2],"5":[2,4],"6":[2,2],"7":[1,6],"8":[1,5],"9":[6,3,2],"10":[2,3],"11":[1,1],"12":[1,3],"13":[0,0],"14":[0,0],"15":[0,0],"16":[0,0],"17":[0,0],"18":[0,0],"19":[0,0],"20":[0,0],"21":[0,0],"22":[0,0],"23":[0,0],"24":[0,0],"25":[0,0],"26":[0,0],"27":[0,0],"28":[0,0],"29":[0,0],"30":[0,0],"31":[0,0],"32":[0,0],"33":[0,0],"34":[0,0],"35":[0,0],"36":[0,0],"37":[0,0],"38":[0,0],"39":[0,0],"40":[7,0],"41":[1,0],"42":[1,1]}}
,"D:\\IMT\\nestjs\\src\\service\\upload.service.ts": {"path":"D:\\IMT\\nestjs\\src\\service\\upload.service.ts","statementMap":{"0":{"start":{"line":1,"column":0},"end":{"line":1,"column":65}},"1":{"start":{"line":2,"column":0},"end":{"line":2,"column":46}},"2":{"start":{"line":6,"column":7},"end":{"line":32,"column":null}},"3":{"start":{"line":8,"column":4},"end":{"line":12,"column":7}},"4":{"start":{"line":16,"column":4},"end":{"line":18,"column":5}},"5":{"start":{"line":17,"column":6},"end":{"line":17,"column":56}},"6":{"start":{"line":20,"column":4},"end":{"line":30,"column":7}},"7":{"start":{"line":21,"column":6},"end":{"line":29,"column":26}},"8":{"start":{"line":23,"column":10},"end":{"line":25,"column":11}},"9":{"start":{"line":24,"column":12},"end":{"line":24,"column":63}},"10":{"start":{"line":27,"column":10},"end":{"line":27,"column":37}},"11":{"start":{"line":6,"column":13},"end":{"line":6,"column":26}},"12":{"start":{"line":6,"column":13},"end":{"line":32,"column":null}}},"fnMap":{"0":{"name":"(anonymous_2)","decl":{"start":{"line":7,"column":2},"end":{"line":7,"column":null}},"loc":{"start":{"line":7,"column":2},"end":{"line":13,"column":3}}},"1":{"name":"(anonymous_3)","decl":{"start":{"line":15,"column":2},"end":{"line":15,"column":7}},"loc":{"start":{"line":15,"column":44},"end":{"line":31,"column":3}}},"2":{"name":"(anonymous_4)","decl":{"start":{"line":20,"column":23},"end":{"line":20,"column":24}},"loc":{"start":{"line":20,"column":43},"end":{"line":30,"column":5}}},"3":{"name":"(anonymous_5)","decl":{"start":{"line":22,"column":52},"end":{"line":22,"column":53}},"loc":{"start":{"line":22,"column":70},"end":{"line":28,"column":9}}}},"branchMap":{"0":{"loc":{"start":{"line":16,"column":4},"end":{"line":18,"column":5}},"type":"if","locations":[{"start":{"line":16,"column":4},"end":{"line":18,"column":5}},{"start":{},"end":{}}]},"1":{"loc":{"start":{"line":23,"column":10},"end":{"line":25,"column":11}},"type":"if","locations":[{"start":{"line":23,"column":10},"end":{"line":25,"column":11}},{"start":{},"end":{}}]},"2":{"loc":{"start":{"line":23,"column":14},"end":{"line":23,"column":30}},"type":"binary-expr","locations":[{"start":{"line":23,"column":14},"end":{"line":23,"column":19}},{"start":{"line":23,"column":23},"end":{"line":23,"column":30}}]},"3":{"loc":{"start":{"line":24,"column":26},"end":{"line":24,"column":61}},"type":"binary-expr","locations":[{"start":{"line":24,"column":26},"end":{"line":24,"column":31}},{"start":{"line":24,"column":35},"end":{"line":24,"column":61}}]}},"s":{"0":1,"1":1,"2":1,"3":3,"4":2,"5":1,"6":1,"7":1,"8":1,"9":0,"10":1,"11":1,"12":1},"f":{"0":3,"1":2,"2":1,"3":1},"b":{"0":[1,1],"1":[0,1],"2":[1,1],"3":[0,0]}}
,"D:\\IMT\\nestjs\\src\\types\\express.d.ts": {"path":"D:\\IMT\\nestjs\\src\\types\\express.d.ts","statementMap":{},"fnMap":{},"branchMap":{},"s":{},"f":{},"b":{}}
}
