TN:
SF:src\app.module.ts
FN:28,(anonymous_1)
FN:45,(anonymous_2)
FN:55,(anonymous_3)
FNF:3
FNH:0
FNDA:0,(anonymous_1)
FNDA:0,(anonymous_2)
FNDA:0,(anonymous_3)
DA:1,0
DA:2,0
DA:3,0
DA:4,0
DA:5,0
DA:6,0
DA:7,0
DA:8,0
DA:9,0
DA:10,0
DA:11,0
DA:12,0
DA:13,0
DA:15,0
DA:16,0
DA:28,0
DA:45,0
DA:55,0
DA:66,0
LF:19
LH:0
BRF:0
BRH:0
end_of_record
TN:
SF:src\main.ts
FN:9,bootstrap
FN:27,(anonymous_10)
FNF:2
FNH:0
FNDA:0,bootstrap
FNDA:0,(anonymous_10)
DA:1,0
DA:2,0
DA:3,0
DA:4,0
DA:5,0
DA:6,0
DA:7,0
DA:11,0
DA:12,0
DA:14,0
DA:21,0
DA:28,0
DA:47,0
DA:48,0
DA:52,0
DA:53,0
DA:55,0
DA:58,0
LF:18
LH:0
BRF:0
BRH:0
end_of_record
TN:
SF:src\common\guards\PermissionGuard.ts
FN:7,(anonymous_2)
FN:9,(anonymous_3)
FN:22,(anonymous_4)
FNF:3
FNH:1
FNDA:21,(anonymous_2)
FNDA:0,(anonymous_3)
FNDA:0,(anonymous_4)
DA:1,1
DA:2,1
DA:6,1
DA:7,21
DA:10,0
DA:15,0
DA:17,0
DA:18,0
DA:20,0
DA:22,0
DA:23,0
DA:26,0
DA:27,0
DA:30,0
LF:14
LH:4
BRDA:15,0,0,0
BRDA:15,0,1,0
BRDA:20,1,0,0
BRDA:20,1,1,0
BRDA:26,2,0,0
BRDA:26,2,1,0
BRDA:7,3,0,1
BRDA:7,3,1,0
BRDA:7,4,0,1
BRDA:7,4,1,1
BRF:10
BRH:3
end_of_record
TN:
SF:src\common\guards\auth.guard.ts
FN:8,(anonymous_2)
FN:13,(anonymous_3)
FNF:2
FNH:2
FNDA:4,(anonymous_2)
FNDA:4,(anonymous_3)
DA:1,1
DA:2,1
DA:3,1
DA:6,1
DA:9,4
DA:10,4
DA:15,4
DA:21,4
DA:22,1
DA:25,3
DA:26,3
DA:28,3
DA:29,1
DA:32,2
DA:34,2
DA:35,2
DA:36,1
DA:37,1
DA:38,1
DA:40,1
LF:20
LH:20
BRDA:21,0,0,1
BRDA:21,0,1,3
BRDA:28,1,0,1
BRDA:28,1,1,2
BRDA:9,2,0,1
BRDA:9,2,1,0
BRDA:9,3,0,1
BRDA:9,3,1,1
BRDA:9,4,0,1
BRDA:9,4,1,0
BRDA:9,5,0,1
BRDA:9,5,1,1
BRF:12
BRH:10
end_of_record
TN:
SF:src\common\guards\public.decorator.ts
FN:3,(anonymous_0)
FNF:1
FNH:1
FNDA:1,(anonymous_0)
DA:1,1
DA:3,1
LF:2
LH:2
BRF:0
BRH:0
end_of_record
TN:
SF:src\common\guards\roles.decorator.ts
FN:3,(anonymous_0)
FN:4,(anonymous_1)
FNF:2
FNH:1
FNDA:0,(anonymous_0)
FNDA:6,(anonymous_1)
DA:1,1
DA:3,1
DA:4,6
LF:3
LH:3
BRF:0
BRH:0
end_of_record
TN:
SF:src\common\guards\roles.guard.ts
FN:7,(anonymous_2)
FN:9,(anonymous_3)
FNF:2
FNH:2
FNDA:4,(anonymous_2)
FNDA:4,(anonymous_3)
DA:1,1
DA:2,1
DA:5,1
DA:7,4
DA:11,4
DA:16,4
DA:18,3
DA:19,3
DA:21,3
DA:22,1
DA:25,2
LF:11
LH:11
BRDA:16,0,0,1
BRDA:16,0,1,3
BRDA:21,1,0,1
BRDA:21,1,1,2
BRDA:7,2,0,1
BRDA:7,2,1,0
BRDA:7,3,0,1
BRDA:7,3,1,1
BRF:8
BRH:7
end_of_record
TN:
SF:src\common\utils\signature.ts
FN:3,generateSignature
FNF:1
FNH:0
FNDA:0,generateSignature
DA:1,0
DA:3,0
DA:6,0
LF:3
LH:0
BRF:0
BRH:0
end_of_record
TN:
SF:src\controller\app.controller.ts
FN:17,(anonymous_4)
FN:24,(anonymous_5)
FN:32,(anonymous_6)
FN:39,(anonymous_7)
FN:45,(anonymous_8)
FN:53,(anonymous_9)
FN:62,(anonymous_10)
FN:68,(anonymous_11)
FNF:8
FNH:1
FNDA:21,(anonymous_4)
FNDA:0,(anonymous_5)
FNDA:0,(anonymous_6)
FNDA:0,(anonymous_7)
FNDA:0,(anonymous_8)
FNDA:0,(anonymous_9)
FNDA:0,(anonymous_10)
FNDA:0,(anonymous_11)
DA:1,1
DA:2,1
DA:3,1
DA:4,1
DA:5,1
DA:6,1
DA:7,1
DA:8,1
DA:9,1
DA:16,1
DA:17,21
DA:24,1
DA:27,0
DA:32,1
DA:33,0
DA:39,1
DA:40,0
DA:45,1
DA:46,0
DA:53,1
DA:57,0
DA:62,1
DA:63,0
DA:68,1
DA:69,0
LF:25
LH:18
BRDA:57,0,0,0
BRDA:57,0,1,0
BRDA:32,1,0,1
BRDA:32,1,1,0
BRDA:32,2,0,1
BRDA:32,2,1,1
BRDA:55,3,0,1
BRDA:55,3,1,0
BRDA:55,4,0,1
BRDA:55,4,1,1
BRDA:68,5,0,1
BRDA:68,5,1,0
BRDA:68,6,0,1
BRDA:68,6,1,1
BRDA:17,7,0,1
BRDA:17,7,1,0
BRDA:17,8,0,1
BRDA:17,8,1,1
BRF:18
BRH:12
end_of_record
TN:
SF:src\controller\app.controllerPermission.ts
FN:15,(anonymous_4)
FN:18,(anonymous_5)
FN:23,(anonymous_6)
FN:28,(anonymous_7)
FN:34,(anonymous_8)
FN:39,(anonymous_9)
FNF:6
FNH:0
FNDA:0,(anonymous_4)
FNDA:0,(anonymous_5)
FNDA:0,(anonymous_6)
FNDA:0,(anonymous_7)
FNDA:0,(anonymous_8)
FNDA:0,(anonymous_9)
DA:1,0
DA:2,0
DA:3,0
DA:4,0
DA:5,0
DA:6,0
DA:7,0
DA:14,0
DA:15,0
DA:18,0
DA:19,0
DA:23,0
DA:24,0
DA:28,0
DA:29,0
DA:30,0
DA:34,0
DA:35,0
DA:39,0
DA:40,0
LF:20
LH:0
BRDA:28,0,0,0
BRDA:28,0,1,0
BRDA:28,1,0,0
BRDA:28,1,1,0
BRDA:34,2,0,0
BRDA:34,2,1,0
BRDA:34,3,0,0
BRDA:34,3,1,0
BRDA:15,4,0,0
BRDA:15,4,1,0
BRDA:15,5,0,0
BRDA:15,5,1,0
BRF:12
BRH:0
end_of_record
TN:
SF:src\controller\app.controllerRole.ts
FN:14,(anonymous_4)
FN:18,(anonymous_5)
FN:24,(anonymous_6)
FN:31,(anonymous_7)
FN:37,(anonymous_8)
FNF:5
FNH:0
FNDA:0,(anonymous_4)
FNDA:0,(anonymous_5)
FNDA:0,(anonymous_6)
FNDA:0,(anonymous_7)
FNDA:0,(anonymous_8)
DA:1,0
DA:2,0
DA:3,0
DA:4,0
DA:5,0
DA:6,0
DA:7,0
DA:13,0
DA:14,0
DA:18,0
DA:19,0
DA:24,0
DA:25,0
DA:26,0
DA:31,0
DA:32,0
DA:37,0
DA:39,0
LF:18
LH:0
BRDA:24,0,0,0
BRDA:24,0,1,0
BRDA:24,1,0,0
BRDA:24,1,1,0
BRDA:37,2,0,0
BRDA:37,2,1,0
BRDA:37,3,0,0
BRDA:37,3,1,0
BRDA:14,4,0,0
BRDA:14,4,1,0
BRDA:14,5,0,0
BRDA:14,5,1,0
BRF:12
BRH:0
end_of_record
TN:
SF:src\controller\app.controllerUpload.ts
FN:14,(anonymous_4)
FN:27,(anonymous_5)
FNF:2
FNH:0
FNDA:0,(anonymous_4)
FNDA:0,(anonymous_5)
DA:1,0
DA:2,0
DA:3,0
DA:4,0
DA:5,0
DA:6,0
DA:12,0
DA:14,0
DA:27,0
DA:29,0
DA:30,0
DA:31,0
LF:12
LH:0
BRDA:27,0,0,0
BRDA:27,0,1,0
BRDA:27,1,0,0
BRDA:27,1,1,0
BRDA:27,1,2,0
BRDA:14,2,0,0
BRDA:14,2,1,0
BRDA:14,3,0,0
BRDA:14,3,1,0
BRF:9
BRH:0
end_of_record
TN:
SF:src\dto\user.dto.ts
FN:11,(anonymous_2)
FNF:1
FNH:0
FNDA:0,(anonymous_2)
DA:1,1
DA:2,1
DA:3,1
DA:5,1
DA:8,1
DA:11,0
DA:13,1
DA:16,1
DA:19,1
DA:22,1
DA:25,1
DA:29,1
DA:33,1
DA:36,1
DA:39,1
DA:43,1
DA:46,1
DA:51,1
DA:55,1
LF:19
LH:18
BRF:0
BRH:0
end_of_record
TN:
SF:src\model\app.model.ts
FN:20,(anonymous_2)
FN:22,(anonymous_3)
FNF:2
FNH:0
FNDA:0,(anonymous_2)
FNDA:0,(anonymous_3)
DA:1,1
DA:2,1
DA:8,1
DA:10,1
DA:12,1
DA:14,1
DA:16,1
DA:18,1
DA:20,0
DA:21,1
DA:22,0
DA:23,1
LF:12
LH:10
BRDA:23,0,0,1
BRDA:23,0,1,0
BRDA:23,1,0,1
BRDA:23,1,1,1
BRF:4
BRH:3
end_of_record
TN:
SF:src\model\app.modelRoles.ts
FN:17,(anonymous_2)
FNF:1
FNH:0
FNDA:0,(anonymous_2)
DA:1,1
DA:2,1
DA:7,1
DA:10,1
DA:13,1
DA:16,1
DA:17,1
LF:7
LH:7
BRF:0
BRH:0
end_of_record
TN:
SF:src\model\app.permissions.ts
FN:19,(anonymous_2)
FN:24,(anonymous_3)
FNF:2
FNH:0
FNDA:0,(anonymous_2)
FNDA:0,(anonymous_3)
DA:1,1
DA:2,1
DA:9,1
DA:13,1
DA:16,1
DA:19,0
DA:21,1
DA:24,1
LF:8
LH:7
BRDA:24,0,0,0
BRDA:24,0,1,1
BRDA:24,1,0,1
BRDA:24,1,1,0
BRF:4
BRH:2
end_of_record
TN:
SF:src\service\app.service.ts
FN:17,(anonymous_13)
FN:30,(anonymous_14)
FN:41,(anonymous_15)
FN:68,(anonymous_16)
FN:88,(anonymous_17)
FN:101,(anonymous_18)
FN:131,(anonymous_19)
FN:176,(anonymous_20)
FN:202,(anonymous_21)
FN:218,(anonymous_22)
FN:236,(anonymous_23)
FN:251,(anonymous_24)
FN:284,(anonymous_25)
FN:306,(anonymous_26)
FN:323,(anonymous_27)
FN:355,(anonymous_28)
FN:362,(anonymous_29)
FN:387,(anonymous_30)
FN:419,(anonymous_31)
FN:449,(anonymous_32)
FN:484,(anonymous_33)
FN:510,(anonymous_34)
FNF:22
FNH:9
FNDA:21,(anonymous_13)
FNDA:1,(anonymous_14)
FNDA:2,(anonymous_15)
FNDA:3,(anonymous_16)
FNDA:1,(anonymous_17)
FNDA:6,(anonymous_18)
FNDA:7,(anonymous_19)
FNDA:0,(anonymous_20)
FNDA:3,(anonymous_21)
FNDA:0,(anonymous_22)
FNDA:0,(anonymous_23)
FNDA:0,(anonymous_24)
FNDA:0,(anonymous_25)
FNDA:0,(anonymous_26)
FNDA:0,(anonymous_27)
FNDA:0,(anonymous_28)
FNDA:0,(anonymous_29)
FNDA:0,(anonymous_30)
FNDA:0,(anonymous_31)
FNDA:0,(anonymous_32)
FNDA:0,(anonymous_33)
FNDA:7,(anonymous_34)
DA:1,1
DA:2,1
DA:3,1
DA:5,1
DA:6,1
DA:7,1
DA:8,1
DA:9,1
DA:11,1
DA:14,1
DA:15,21
DA:18,21
DA:20,21
DA:22,21
DA:24,21
DA:26,21
DA:31,1
DA:34,1
DA:35,1
DA:36,1
DA:37,1
DA:42,2
DA:44,2
DA:45,2
DA:47,2
DA:49,2
DA:50,2
DA:51,1
DA:52,1
DA:54,1
DA:55,1
DA:62,1
DA:63,1
DA:69,3
DA:70,3
DA:72,3
DA:73,3
DA:75,3
DA:76,1
DA:77,1
DA:79,2
DA:81,2
DA:83,2
DA:87,2
DA:88,1
DA:91,2
DA:93,2
DA:95,0
DA:96,0
DA:102,6
DA:104,6
DA:105,6
DA:106,6
DA:107,2
DA:108,2
DA:110,4
DA:111,4
DA:115,4
DA:116,2
DA:117,2
DA:120,2
DA:121,2
DA:124,2
DA:125,2
DA:132,7
DA:133,7
DA:134,7
DA:136,7
DA:137,1
DA:138,1
DA:141,6
DA:142,1
DA:143,1
DA:145,5
DA:147,5
DA:148,2
DA:149,1
DA:150,1
DA:152,1
DA:154,4
DA:155,1
DA:158,4
DA:160,4
DA:161,4
DA:163,4
DA:165,4
DA:167,4
DA:170,3
DA:171,3
DA:177,0
DA:178,0
DA:179,0
DA:181,0
DA:182,0
DA:183,0
DA:186,0
DA:188,0
DA:189,0
DA:190,0
DA:192,0
DA:196,0
DA:197,0
DA:203,3
DA:205,3
DA:206,3
DA:210,2
DA:213,1
DA:214,1
DA:219,0
DA:220,0
DA:222,0
DA:223,0
DA:224,0
DA:225,0
DA:226,0
DA:228,0
DA:230,0
DA:231,0
DA:232,0
DA:235,0
DA:236,0
DA:238,0
DA:239,0
DA:241,0
DA:246,0
DA:247,0
DA:252,0
DA:253,0
DA:254,0
DA:255,0
DA:256,0
DA:257,0
DA:258,0
DA:261,0
DA:263,0
DA:267,0
DA:268,0
DA:269,0
DA:271,0
DA:273,0
DA:274,0
DA:276,0
DA:279,0
DA:280,0
DA:285,0
DA:287,0
DA:288,0
DA:289,0
DA:290,0
DA:291,0
DA:293,0
DA:294,0
DA:296,0
DA:298,0
DA:308,0
DA:312,0
DA:313,0
DA:316,0
DA:318,0
DA:324,0
DA:325,0
DA:326,0
DA:327,0
DA:328,0
DA:329,0
DA:331,0
DA:332,0
DA:334,0
DA:335,0
DA:336,0
DA:339,0
DA:341,0
DA:342,0
DA:343,0
DA:345,0
DA:350,0
DA:351,0
DA:356,0
DA:358,0
DA:359,0
DA:362,0
DA:363,0
DA:365,0
DA:367,0
DA:369,0
DA:370,0
DA:373,0
DA:375,0
DA:378,0
DA:379,0
DA:381,0
DA:382,0
DA:388,0
DA:389,0
DA:391,0
DA:392,0
DA:393,0
DA:394,0
DA:395,0
DA:397,0
DA:399,0
DA:401,0
DA:402,0
DA:403,0
DA:406,0
DA:408,0
DA:409,0
DA:411,0
DA:414,0
DA:415,0
DA:420,0
DA:421,0
DA:422,0
DA:423,0
DA:424,0
DA:425,0
DA:428,0
DA:430,0
DA:431,0
DA:432,0
DA:435,0
DA:437,0
DA:438,0
DA:439,0
DA:441,0
DA:442,0
DA:444,0
DA:445,0
DA:451,0
DA:452,0
DA:453,0
DA:454,0
DA:455,0
DA:456,0
DA:458,0
DA:459,0
DA:464,0
DA:465,0
DA:466,0
DA:469,0
DA:471,0
DA:472,0
DA:473,0
DA:474,0
DA:476,0
DA:479,0
DA:480,0
DA:485,0
DA:486,0
DA:487,0
DA:489,0
DA:490,0
DA:491,0
DA:494,0
DA:495,0
DA:496,0
DA:497,0
DA:499,0
DA:501,0
DA:505,0
DA:506,0
DA:511,7
DA:512,7
DA:514,0
LF:264
LH:95
BRDA:34,0,0,0
BRDA:34,0,1,1
BRDA:50,1,0,1
BRDA:50,1,1,1
BRDA:68,2,0,0
BRDA:68,3,0,0
BRDA:75,4,0,1
BRDA:75,4,1,2
BRDA:106,5,0,2
BRDA:106,5,1,4
BRDA:115,6,0,2
BRDA:115,6,1,2
BRDA:136,7,0,1
BRDA:136,7,1,6
BRDA:141,8,0,1
BRDA:141,8,1,5
BRDA:141,9,0,6
BRDA:141,9,1,3
BRDA:141,9,2,2
BRDA:147,10,0,2
BRDA:147,10,1,3
BRDA:148,11,0,1
BRDA:148,11,1,1
BRDA:154,12,0,1
BRDA:154,12,1,3
BRDA:181,13,0,0
BRDA:181,13,1,0
BRDA:224,14,0,0
BRDA:224,14,1,0
BRDA:230,15,0,0
BRDA:230,15,1,0
BRDA:236,16,0,0
BRDA:236,16,1,0
BRDA:256,17,0,0
BRDA:256,17,1,0
BRDA:267,18,0,0
BRDA:267,18,1,0
BRDA:267,19,0,0
BRDA:267,19,1,0
BRDA:289,20,0,0
BRDA:289,20,1,0
BRDA:312,21,0,0
BRDA:312,21,1,0
BRDA:327,22,0,0
BRDA:327,22,1,0
BRDA:331,23,0,0
BRDA:331,23,1,0
BRDA:334,24,0,0
BRDA:334,24,1,0
BRDA:334,25,0,0
BRDA:334,25,1,0
BRDA:365,26,0,0
BRDA:365,26,1,0
BRDA:369,27,0,0
BRDA:369,27,1,0
BRDA:393,28,0,0
BRDA:393,28,1,0
BRDA:401,29,0,0
BRDA:401,29,1,0
BRDA:423,30,0,0
BRDA:423,30,1,0
BRDA:430,31,0,0
BRDA:430,31,1,0
BRDA:454,32,0,0
BRDA:454,32,1,0
BRDA:458,33,0,0
BRDA:458,33,1,0
BRDA:458,34,0,0
BRDA:458,34,1,0
BRDA:460,35,0,0
BRDA:460,35,1,0
BRDA:461,36,0,0
BRDA:461,36,1,0
BRDA:464,37,0,0
BRDA:464,37,1,0
BRDA:464,38,0,0
BRDA:464,38,1,0
BRDA:489,39,0,0
BRDA:489,39,1,0
BRDA:511,40,0,7
BRDA:511,40,1,0
BRDA:26,41,0,1
BRDA:26,41,1,0
BRDA:26,42,0,1
BRDA:26,42,1,1
BRF:85
BRH:26
end_of_record
TN:
SF:src\service\upload.service.ts
FN:7,(anonymous_2)
FN:15,(anonymous_3)
FN:20,(anonymous_4)
FN:22,(anonymous_5)
FNF:4
FNH:4
FNDA:3,(anonymous_2)
FNDA:2,(anonymous_3)
FNDA:1,(anonymous_4)
FNDA:1,(anonymous_5)
DA:1,1
DA:2,1
DA:6,1
DA:8,3
DA:16,2
DA:17,1
DA:20,1
DA:21,1
DA:23,1
DA:24,0
DA:27,1
LF:11
LH:10
BRDA:16,0,0,1
BRDA:16,0,1,1
BRDA:23,1,0,0
BRDA:23,1,1,1
BRDA:23,2,0,1
BRDA:23,2,1,1
BRDA:24,3,0,0
BRDA:24,3,1,0
BRF:8
BRH:5
end_of_record
TN:
SF:src\types\express.d.ts
FNF:0
FNH:0
LF:0
LH:0
BRF:0
BRH:0
end_of_record
